Start testing: Jun 05 11:02 PDT
----------------------------------------------------------
1/10 Testing: her_test
1/10 Test: her_test
Command: "/usr/bin/cmake" "-D" "test_cmd=/home/mcclelnr/DENSE/models/Belousov-Zhabotinksy/test/her_model_2014/her2014_simulation" "-D" "test_args:string=--param-sets /home/mcclelnr/DENSE/test/her_model_2014/param_sets.csv --cell-total 10 --tissue-width 5 --time-total 3000 --anlys-intvl .01 --step-size .01 --analysis /home/mcclelnr/DENSE/test/her_model_2014/analyses.xml" "-D" "output_blessed=/home/mcclelnr/DENSE/test/her_model_2014/anlys_basic_a.csv" "-D" "output_test=/home/mcclelnr/DENSE/models/Belousov-Zhabotinksy/test/her_model_2014/anlys_basic_a.csv" "-P" "/home/mcclelnr/DENSE/test/her_model_2014/run_test.cmake"
Directory: /home/mcclelnr/DENSE/models/Belousov-Zhabotinksy/test/her_model_2014
"her_test" start time: Jun 05 11:02 PDT
Output:
----------------------------------------------------------
/home/mcclelnr/DENSE/models/Belousov-Zhabotinksy/test/her_model_2014/her2014_simulation--param-sets /home/mcclelnr/DENSE/test/her_model_2014/param_sets.csv --cell-total 10 --tissue-width 5 --time-total 3000 --anlys-intvl .01 --step-size .01 --analysis /home/mcclelnr/DENSE/test/her_model_2014/analyses.xml
Time: 1
Time: 2
Time: 3
Time: 4
Time: 5
Time: 6
Time: 7
Time: 8
Time: 9
Time: 10
Time: 11
Time: 12
Time: 13
Time: 14
Time: 15
Time: 16
Time: 17
Time: 18
Time: 19
Time: 20
Time: 21
Time: 22
Time: 23
Time: 24
Time: 25
Time: 26
Time: 27
Time: 28
Time: 29
Time: 30
Time: 31
Time: 32
Time: 33
Time: 34
Time: 35
Time: 36
Time: 37
Time: 38
Time: 39
Time: 40
Time: 41
Time: 42
Time: 43
Time: 44
Time: 45
Time: 46
Time: 47
Time: 48
Time: 49
Time: 50
Time: 51
Time: 52
Time: 53
Time: 54
Time: 55
Time: 56
Time: 57
Time: 58
Time: 59
Time: 60
Time: 61
Time: 62
Time: 63
Time: 64
Time: 65
Time: 66
Time: 67
Time: 68
Time: 69
Time: 70
Time: 71
Time: 72
Time: 73
Time: 74
Time: 75
Time: 76
Time: 77
Time: 78
Time: 79
Time: 80
Time: 81
Time: 82
Time: 83
Time: 84
Time: 85
Time: 86
Time: 87
Time: 88
Time: 89
Time: 90
Time: 91
Time: 92
Time: 93
Time: 94
Time: 95
Time: 96
Time: 97
Time: 98
Time: 99
Time: 100
Time: 101
Time: 102
Time: 103
Time: 104
Time: 105
Time: 106
Time: 107
Time: 108
Time: 109
Time: 110
Time: 111
Time: 112
Time: 113
Time: 114
Time: 115
Time: 116
Time: 117
Time: 118
Time: 119
Time: 120
Time: 121
Time: 122
Time: 123
Time: 124
Time: 125
Time: 126
Time: 127
Time: 128
Time: 129
Time: 130
Time: 131
Time: 132
Time: 133
Time: 134
Time: 135
Time: 136
Time: 137
Time: 138
Time: 139
Time: 140
Time: 141
Time: 142
Time: 143
Time: 144
Time: 145
Time: 146
Time: 147
Time: 148
Time: 149
Time: 150
Time: 151
Time: 152
Time: 153
Time: 154
Time: 155
Time: 156
Time: 157
Time: 158
Time: 159
Time: 160
Time: 161
Time: 162
Time: 163
Time: 164
Time: 165
Time: 166
Time: 167
Time: 168
Time: 169
Time: 170
Time: 171
Time: 172
Time: 173
Time: 174
Time: 175
Time: 176
Time: 177
Time: 178
Time: 179
Time: 180
Time: 181
Time: 182
Time: 183
Time: 184
Time: 185
Time: 186
Time: 187
Time: 188
Time: 189
Time: 190
Time: 191
Time: 192
Time: 193
Time: 194
Time: 195
Time: 196
Time: 197
Time: 198
Time: 199
Time: 200
Time: 201
Time: 202
Time: 203
Time: 204
Time: 205
Time: 206
Time: 207
Time: 208
Time: 209
Time: 210
Time: 211
Time: 212
Time: 213
Time: 214
Time: 215
Time: 216
Time: 217
Time: 218
Time: 219
Time: 220
Time: 221
Time: 222
Time: 223
Time: 224
Time: 225
Time: 226
Time: 227
Time: 228
Time: 229
Time: 230
Time: 231
Time: 232
Time: 233
Time: 234
Time: 235
Time: 236
Time: 237
Time: 238
Time: 239
Time: 240
Time: 241
Time: 242
Time: 243
Time: 244
Time: 245
Time: 246
Time: 247
Time: 248
Time: 249
Time: 250
Time: 251
Time: 252
Time: 253
Time: 254
Time: 255
Time: 256
Time: 257
Time: 258
Time: 259
Time: 260
Time: 261
Time: 262
Time: 263
Time: 264
Time: 265
Time: 266
Time: 267
Time: 268
Time: 269
Time: 270
Time: 271
Time: 272
Time: 273
Time: 274
Time: 275
Time: 276
Time: 277
Time: 278
Time: 279
Time: 280
Time: 281
Time: 282
Time: 283
Time: 284
Time: 285
Time: 286
Time: 287
Time: 288
Time: 289
Time: 290
Time: 291
Time: 292
Time: 293
Time: 294
Time: 295
Time: 296
Time: 297
Time: 298
Time: 299
Time: 300
Time: 301
Time: 302
Time: 303
Time: 304
Time: 305
Time: 306
Time: 307
Time: 308
Time: 309
Time: 310
Time: 311
Time: 312
Time: 313
Time: 314
Time: 315
Time: 316
Time: 317
Time: 318
Time: 319
Time: 320
Time: 321
Time: 322
Time: 323
Time: 324
Time: 325
Time: 326
Time: 327
Time: 328
Time: 329
Time: 330
Time: 331
Time: 332
Time: 333
Time: 334
Time: 335
Time: 336
Time: 337
Time: 338
Time: 339
Time: 340
Time: 341
Time: 342
Time: 343
Time: 344
Time: 345
Time: 346
Time: 347
Time: 348
Time: 349
Time: 350
Time: 351
Time: 352
Time: 353
Time: 354
Time: 355
Time: 356
Time: 357
Time: 358
Time: 359
Time: 360
Time: 361
Time: 362
Time: 363
Time: 364
Time: 365
Time: 366
Time: 367
Time: 368
Time: 369
Time: 370
Time: 371
Time: 372
Time: 373
Time: 374
Time: 375
Time: 376
Time: 377
Time: 378
Time: 379
Time: 380
Time: 381
Time: 382
Time: 383
Time: 384
Time: 385
Time: 386
Time: 387
Time: 388
Time: 389
Time: 390
Time: 391
Time: 392
Time: 393
Time: 394
Time: 395
Time: 396
Time: 397
Time: 398
Time: 399
Time: 400
Time: 401
Time: 402
Time: 403
Time: 404
Time: 405
Time: 406
Time: 407
Time: 408
Time: 409
Time: 410
Time: 411
Time: 412
Time: 413
Time: 414
Time: 415
Time: 416
Time: 417
Time: 418
Time: 419
Time: 420
Time: 421
Time: 422
Time: 423
Time: 424
Time: 425
Time: 426
Time: 427
Time: 428
Time: 429
Time: 430
Time: 431
Time: 432
Time: 433
Time: 434
Time: 435
Time: 436
Time: 437
Time: 438
Time: 439
Time: 440
Time: 441
Time: 442
Time: 443
Time: 444
Time: 445
Time: 446
Time: 447
Time: 448
Time: 449
Time: 450
Time: 451
Time: 452
Time: 453
Time: 454
Time: 455
Time: 456
Time: 457
Time: 458
Time: 459
Time: 460
Time: 461
Time: 462
Time: 463
Time: 464
Time: 465
Time: 466
Time: 467
Time: 468
Time: 469
Time: 470
Time: 471
Time: 472
Time: 473
Time: 474
Time: 475
Time: 476
Time: 477
Time: 478
Time: 479
Time: 480
Time: 481
Time: 482
Time: 483
Time: 484
Time: 485
Time: 486
Time: 487
Time: 488
Time: 489
Time: 490
Time: 491
Time: 492
Time: 493
Time: 494
Time: 495
Time: 496
Time: 497
Time: 498
Time: 499
Time: 500
Time: 501
Time: 502
Time: 503
Time: 504
Time: 505
Time: 506
Time: 507
Time: 508
Time: 509
Time: 510
Time: 511
Time: 512
Time: 513
Time: 514
Time: 515
Time: 516
Time: 517
Time: 518
Time: 519
Time: 520
Time: 521
Time: 522
Time: 523
Time: 524
Time: 525
Time: 526
Time: 527
Time: 528
Time: 529
Time: 530
Time: 531
Time: 532
Time: 533
Time: 534
Time: 535
Time: 536
Time: 537
Time: 538
Time: 539
Time: 540
Time: 541
Time: 542
Time: 543
Time: 544
Time: 545
Time: 546
Time: 547
Time: 548
Time: 549
Time: 550
Time: 551
Time: 552
Time: 553
Time: 554
Time: 555
Time: 556
Time: 557
Time: 558
Time: 559
Time: 560
Time: 561
Time: 562
Time: 563
Time: 564
Time: 565
Time: 566
Time: 567
Time: 568
Time: 569
Time: 570
Time: 571
Time: 572
Time: 573
Time: 574
Time: 575
Time: 576
Time: 577
Time: 578
Time: 579
Time: 580
Time: 581
Time: 582
Time: 583
Time: 584
Time: 585
Time: 586
Time: 587
Time: 588
Time: 589
Time: 590
Time: 591
Time: 592
Time: 593
Time: 594
Time: 595
Time: 596
Time: 597
Time: 598
Time: 599
Time: 600
Time: 601
Time: 602
Time: 603
Time: 604
Time: 605
Time: 606
Time: 607
Time: 608
Time: 609
Time: 610
Time: 611
Time: 612
Time: 613
Time: 614
Time: 615
Time: 616
Time: 617
Time: 618
Time: 619
Time: 620
Time: 621
Time: 622
Time: 623
Time: 624
Time: 625
Time: 626
Time: 627
Time: 628
Time: 629
Time: 630
Time: 631
Time: 632
Time: 633
Time: 634
Time: 635
Time: 636
Time: 637
Time: 638
Time: 639
Time: 640
Time: 641
Time: 642
Time: 643
Time: 644
Time: 645
Time: 646
Time: 647
Time: 648
Time: 649
Time: 650
Time: 651
Time: 652
Time: 653
Time: 654
Time: 655
Time: 656
Time: 657
Time: 658
Time: 659
Time: 660
Time: 661
Time: 662
Time: 663
Time: 664
Time: 665
Time: 666
Time: 667
Time: 668
Time: 669
Time: 670
Time: 671
Time: 672
Time: 673
Time: 674
Time: 675
Time: 676
Time: 677
Time: 678
Time: 679
Time: 680
Time: 681
Time: 682
Time: 683
Time: 684
Time: 685
Time: 686
Time: 687
Time: 688
Time: 689
Time: 690
Time: 691
Time: 692
Time: 693
Time: 694
Time: 695
Time: 696
Time: 697
Time: 698
Time: 699
Time: 700
Time: 701
Time: 702
Time: 703
Time: 704
Time: 705
Time: 706
Time: 707
Time: 708
Time: 709
Time: 710
Time: 711
Time: 712
Time: 713
Time: 714
Time: 715
Time: 716
Time: 717
Time: 718
Time: 719
Time: 720
Time: 721
Time: 722
Time: 723
Time: 724
Time: 725
Time: 726
Time: 727
Time: 728
Time: 729
Time: 730
Time: 731
Time: 732
Time: 733
Time: 734
Time: 735
Time: 736
Time: 737
Time: 738
Time: 739
Time: 740
Time: 741
Time: 742
Time: 743
Time: 744
Time: 745
Time: 746
Time: 747
Time: 748
Time: 749
Time: 750
Time: 751
Time: 752
Time: 753
Time: 754
Time: 755
Time: 756
Time: 757
Time: 758
Time: 759
Time: 760
Time: 761
Time: 762
Time: 763
Time: 764
Time: 765
Time: 766
Time: 767
Time: 768
Time: 769
Time: 770
Time: 771
Time: 772
Time: 773
Time: 774
Time: 775
Time: 776
Time: 777
Time: 778
Time: 779
Time: 780
Time: 781
Time: 782
Time: 783
Time: 784
Time: 785
Time: 786
Time: 787
Time: 788
Time: 789
Time: 790
Time: 791
Time: 792
Time: 793
Time: 794
Time: 795
Time: 796
Time: 797
Time: 798
Time: 799
Time: 800
Time: 801
Time: 802
Time: 803
Time: 804
Time: 805
Time: 806
Time: 807
Time: 808
Time: 809
Time: 810
Time: 811
Time: 812
Time: 813
Time: 814
Time: 815
Time: 816
Time: 817
Time: 818
Time: 819
Time: 820
Time: 821
Time: 822
Time: 823
Time: 824
Time: 825
Time: 826
Time: 827
Time: 828
Time: 829
Time: 830
Time: 831
Time: 832
Time: 833
Time: 834
Time: 835
Time: 836
Time: 837
Time: 838
Time: 839
Time: 840
Time: 841
Time: 842
Time: 843
Time: 844
Time: 845
Time: 846
Time: 847
Time: 848
Time: 849
Time: 850
Time: 851
Time: 852
Time: 853
Time: 854
Time: 855
Time: 856
Time: 857
Time: 858
Time: 859
Time: 860
Time: 861
Time: 862
Time: 863
Time: 864
Time: 865
Time: 866
Time: 867
Time: 868
Time: 869
Time: 870
Time: 871
Time: 872
Time: 873
Time: 874
Time: 875
Time: 876
Time: 877
Time: 878
Time: 879
Time: 880
Time: 881
Time: 882
Time: 883
Time: 884
Time: 885
Time: 886
Time: 887
Time: 888
Time: 889
Time: 890
Time: 891
Time: 892
Time: 893
Time: 894
Time: 895
Time: 896
Time: 897
Time: 898
Time: 899
Time: 900
Time: 901
Time: 902
Time: 903
Time: 904
Time: 905
Time: 906
Time: 907
Time: 908
Time: 909
Time: 910
Time: 911
Time: 912
Time: 913
Time: 914
Time: 915
Time: 916
Time: 917
Time: 918
Time: 919
Time: 920
Time: 921
Time: 922
Time: 923
Time: 924
Time: 925
Time: 926
Time: 927
Time: 928
Time: 929
Time: 930
Time: 931
Time: 932
Time: 933
Time: 934
Time: 935
Time: 936
Time: 937
Time: 938
Time: 939
Time: 940
Time: 941
Time: 942
Time: 943
Time: 944
Time: 945
Time: 946
Time: 947
Time: 948
Time: 949
Time: 950
Time: 951
Time: 952
Time: 953
Time: 954
Time: 955
Time: 956
Time: 957
Time: 958
Time: 959
Time: 960
Time: 961
Time: 962
Time: 963
Time: 964
Time: 965
Time: 966
Time: 967
Time: 968
Time: 969
Time: 970
Time: 971
Time: 972
Time: 973
Time: 974
Time: 975
Time: 976
Time: 977
Time: 978
Time: 979
Time: 980
Time: 981
Time: 982
Time: 983
Time: 984
Time: 985
Time: 986
Time: 987
Time: 988
Time: 989
Time: 990
Time: 991
Time: 992
Time: 993
Time: 994
Time: 995
Time: 996
Time: 997
Time: 998
Time: 999
Time: 1000
Time: 1001
Time: 1002
Time: 1003
Time: 1004
Time: 1005
Time: 1006
Time: 1007
Time: 1008
Time: 1009
Time: 1010
Time: 1011
Time: 1012
Time: 1013
Time: 1014
Time: 1015
Time: 1016
Time: 1017
Time: 1018
Time: 1019
Time: 1020
Time: 1021
Time: 1022
Time: 1023
Time: 1024
Time: 1025
Time: 1026
Time: 1027
Time: 1028
Time: 1029
Time: 1030
Time: 1031
Time: 1032
Time: 1033
Time: 1034
Time: 1035
Time: 1036
Time: 1037
Time: 1038
Time: 1039
Time: 1040
Time: 1041
Time: 1042
Time: 1043
Time: 1044
Time: 1045
Time: 1046
Time: 1047
Time: 1048
Time: 1049
Time: 1050
Time: 1051
Time: 1052
Time: 1053
Time: 1054
Time: 1055
Time: 1056
Time: 1057
Time: 1058
Time: 1059
Time: 1060
Time: 1061
Time: 1062
Time: 1063
Time: 1064
Time: 1065
Time: 1066
Time: 1067
Time: 1068
Time: 1069
Time: 1070
Time: 1071
Time: 1072
Time: 1073
Time: 1074
Time: 1075
Time: 1076
Time: 1077
Time: 1078
Time: 1079
Time: 1080
Time: 1081
Time: 1082
Time: 1083
Time: 1084
Time: 1085
Time: 1086
Time: 1087
Time: 1088
Time: 1089
Time: 1090
Time: 1091
Time: 1092
Time: 1093
Time: 1094
Time: 1095
Time: 1096
Time: 1097
Time: 1098
Time: 1099
Time: 1100
Time: 1101
Time: 1102
Time: 1103
Time: 1104
Time: 1105
Time: 1106
Time: 1107
Time: 1108
Time: 1109
Time: 1110
Time: 1111
Time: 1112
Time: 1113
Time: 1114
Time: 1115
Time: 1116
Time: 1117
Time: 1118
Time: 1119
Time: 1120
Time: 1121
Time: 1122
Time: 1123
Time: 1124
Time: 1125
Time: 1126
Time: 1127
Time: 1128
Time: 1129
Time: 1130
Time: 1131
Time: 1132
Time: 1133
Time: 1134
Time: 1135
Time: 1136
Time: 1137
Time: 1138
Time: 1139
Time: 1140
Time: 1141
Time: 1142
Time: 1143
Time: 1144
Time: 1145
Time: 1146
Time: 1147
Time: 1148
Time: 1149
Time: 1150
Time: 1151
Time: 1152
Time: 1153
Time: 1154
Time: 1155
Time: 1156
Time: 1157
Time: 1158
Time: 1159
Time: 1160
Time: 1161
Time: 1162
Time: 1163
Time: 1164
Time: 1165
Time: 1166
Time: 1167
Time: 1168
Time: 1169
Time: 1170
Time: 1171
Time: 1172
Time: 1173
Time: 1174
Time: 1175
Time: 1176
Time: 1177
Time: 1178
Time: 1179
Time: 1180
Time: 1181
Time: 1182
Time: 1183
Time: 1184
Time: 1185
Time: 1186
Time: 1187
Time: 1188
Time: 1189
Time: 1190
Time: 1191
Time: 1192
Time: 1193
Time: 1194
Time: 1195
Time: 1196
Time: 1197
Time: 1198
Time: 1199
Time: 1200
Time: 1201
Time: 1202
Time: 1203
Time: 1204
Time: 1205
Time: 1206
Time: 1207
Time: 1208
Time: 1209
Time: 1210
Time: 1211
Time: 1212
Time: 1213
Time: 1214
Time: 1215
Time: 1216
Time: 1217
Time: 1218
Time: 1219
Time: 1220
Time: 1221
Time: 1222
Time: 1223
Time: 1224
Time: 1225
Time: 1226
Time: 1227
Time: 1228
Time: 1229
Time: 1230
Time: 1231
Time: 1232
Time: 1233
Time: 1234
Time: 1235
Time: 1236
Time: 1237
Time: 1238
Time: 1239
Time: 1240
Time: 1241
Time: 1242
Time: 1243
Time: 1244
Time: 1245
Time: 1246
Time: 1247
Time: 1248
Time: 1249
Time: 1250
Time: 1251
Time: 1252
Time: 1253
Time: 1254
Time: 1255
Time: 1256
Time: 1257
Time: 1258
Time: 1259
Time: 1260
Time: 1261
Time: 1262
Time: 1263
Time: 1264
Time: 1265
Time: 1266
Time: 1267
Time: 1268
Time: 1269
Time: 1270
Time: 1271
Time: 1272
Time: 1273
Time: 1274
Time: 1275
Time: 1276
Time: 1277
Time: 1278
Time: 1279
Time: 1280
Time: 1281
Time: 1282
Time: 1283
Time: 1284
Time: 1285
Time: 1286
Time: 1287
Time: 1288
Time: 1289
Time: 1290
Time: 1291
Time: 1292
Time: 1293
Time: 1294
Time: 1295
Time: 1296
Time: 1297
Time: 1298
Time: 1299
Time: 1300
Time: 1301
Time: 1302
Time: 1303
Time: 1304
Time: 1305
Time: 1306
Time: 1307
Time: 1308
Time: 1309
Time: 1310
Time: 1311
Time: 1312
Time: 1313
Time: 1314
Time: 1315
Time: 1316
Time: 1317
Time: 1318
Time: 1319
Time: 1320
Time: 1321
Time: 1322
Time: 1323
Time: 1324
Time: 1325
Time: 1326
Time: 1327
Time: 1328
Time: 1329
Time: 1330
Time: 1331
Time: 1332
Time: 1333
Time: 1334
Time: 1335
Time: 1336
Time: 1337
Time: 1338
Time: 1339
Time: 1340
Time: 1341
Time: 1342
Time: 1343
Time: 1344
Time: 1345
Time: 1346
Time: 1347
Time: 1348
Time: 1349
Time: 1350
Time: 1351
Time: 1352
Time: 1353
Time: 1354
Time: 1355
Time: 1356
Time: 1357
Time: 1358
Time: 1359
Time: 1360
Time: 1361
Time: 1362
Time: 1363
Time: 1364
Time: 1365
Time: 1366
Time: 1367
Time: 1368
Time: 1369
Time: 1370
Time: 1371
Time: 1372
Time: 1373
Time: 1374
Time: 1375
Time: 1376
Time: 1377
Time: 1378
Time: 1379
Time: 1380
Time: 1381
Time: 1382
Time: 1383
Time: 1384
Time: 1385
Time: 1386
Time: 1387
Time: 1388
Time: 1389
Time: 1390
Time: 1391
Time: 1392
Time: 1393
Time: 1394
Time: 1395
Time: 1396
Time: 1397
Time: 1398
Time: 1399
Time: 1400
Time: 1401
Time: 1402
Time: 1403
Time: 1404
Time: 1405
Time: 1406
Time: 1407
Time: 1408
Time: 1409
Time: 1410
Time: 1411
Time: 1412
Time: 1413
Time: 1414
Time: 1415
Time: 1416
Time: 1417
Time: 1418
Time: 1419
Time: 1420
Time: 1421
Time: 1422
Time: 1423
Time: 1424
Time: 1425
Time: 1426
Time: 1427
Time: 1428
Time: 1429
Time: 1430
Time: 1431
Time: 1432
Time: 1433
Time: 1434
Time: 1435
Time: 1436
Time: 1437
Time: 1438
Time: 1439
Time: 1440
Time: 1441
Time: 1442
Time: 1443
Time: 1444
Time: 1445
Time: 1446
Time: 1447
Time: 1448
Time: 1449
Time: 1450
Time: 1451
Time: 1452
Time: 1453
Time: 1454
Time: 1455
Time: 1456
Time: 1457
Time: 1458
Time: 1459
Time: 1460
Time: 1461
Time: 1462
Time: 1463
Time: 1464
Time: 1465
Time: 1466
Time: 1467
Time: 1468
Time: 1469
Time: 1470
Time: 1471
Time: 1472
Time: 1473
Time: 1474
Time: 1475
Time: 1476
Time: 1477
Time: 1478
Time: 1479
Time: 1480
Time: 1481
Time: 1482
Time: 1483
Time: 1484
Time: 1485
Time: 1486
Time: 1487
Time: 1488
Time: 1489
Time: 1490
Time: 1491
Time: 1492
Time: 1493
Time: 1494
Time: 1495
Time: 1496
Time: 1497
Time: 1498
Time: 1499
Time: 1500
Time: 1501
Time: 1502
Time: 1503
Time: 1504
Time: 1505
Time: 1506
Time: 1507
Time: 1508
Time: 1509
Time: 1510
Time: 1511
Time: 1512
Time: 1513
Time: 1514
Time: 1515
Time: 1516
Time: 1517
Time: 1518
Time: 1519
Time: 1520
Time: 1521
Time: 1522
Time: 1523
Time: 1524
Time: 1525
Time: 1526
Time: 1527
Time: 1528
Time: 1529
Time: 1530
Time: 1531
Time: 1532
Time: 1533
Time: 1534
Time: 1535
Time: 1536
Time: 1537
Time: 1538
Time: 1539
Time: 1540
Time: 1541
Time: 1542
Time: 1543
Time: 1544
Time: 1545
Time: 1546
Time: 1547
Time: 1548
Time: 1549
Time: 1550
Time: 1551
Time: 1552
Time: 1553
Time: 1554
Time: 1555
Time: 1556
Time: 1557
Time: 1558
Time: 1559
Time: 1560
Time: 1561
Time: 1562
Time: 1563
Time: 1564
Time: 1565
Time: 1566
Time: 1567
Time: 1568
Time: 1569
Time: 1570
Time: 1571
Time: 1572
Time: 1573
Time: 1574
Time: 1575
Time: 1576
Time: 1577
Time: 1578
Time: 1579
Time: 1580
Time: 1581
Time: 1582
Time: 1583
Time: 1584
Time: 1585
Time: 1586
Time: 1587
Time: 1588
Time: 1589
Time: 1590
Time: 1591
Time: 1592
Time: 1593
Time: 1594
Time: 1595
Time: 1596
Time: 1597
Time: 1598
Time: 1599
Time: 1600
Time: 1601
Time: 1602
Time: 1603
Time: 1604
Time: 1605
Time: 1606
Time: 1607
Time: 1608
Time: 1609
Time: 1610
Time: 1611
Time: 1612
Time: 1613
Time: 1614
Time: 1615
Time: 1616
Time: 1617
Time: 1618
Time: 1619
Time: 1620
Time: 1621
Time: 1622
Time: 1623
Time: 1624
Time: 1625
Time: 1626
Time: 1627
Time: 1628
Time: 1629
Time: 1630
Time: 1631
Time: 1632
Time: 1633
Time: 1634
Time: 1635
Time: 1636
Time: 1637
Time: 1638
Time: 1639
Time: 1640
Time: 1641
Time: 1642
Time: 1643
Time: 1644
Time: 1645
Time: 1646
Time: 1647
Time: 1648
Time: 1649
Time: 1650
Time: 1651
Time: 1652
Time: 1653
Time: 1654
Time: 1655
Time: 1656
Time: 1657
Time: 1658
Time: 1659
Time: 1660
Time: 1661
Time: 1662
Time: 1663
Time: 1664
Time: 1665
Time: 1666
Time: 1667
Time: 1668
Time: 1669
Time: 1670
Time: 1671
Time: 1672
Time: 1673
Time: 1674
Time: 1675
Time: 1676
Time: 1677
Time: 1678
Time: 1679
Time: 1680
Time: 1681
Time: 1682
Time: 1683
Time: 1684
Time: 1685
Time: 1686
Time: 1687
Time: 1688
Time: 1689
Time: 1690
Time: 1691
Time: 1692
Time: 1693
Time: 1694
Time: 1695
Time: 1696
Time: 1697
Time: 1698
Time: 1699
Time: 1700
Time: 1701
Time: 1702
Time: 1703
Time: 1704
Time: 1705
Time: 1706
Time: 1707
Time: 1708
Time: 1709
Time: 1710
Time: 1711
Time: 1712
Time: 1713
Time: 1714
Time: 1715
Time: 1716
Time: 1717
Time: 1718
Time: 1719
Time: 1720
Time: 1721
Time: 1722
Time: 1723
Time: 1724
Time: 1725
Time: 1726
Time: 1727
Time: 1728
Time: 1729
Time: 1730
Time: 1731
Time: 1732
Time: 1733
Time: 1734
Time: 1735
Time: 1736
Time: 1737
Time: 1738
Time: 1739
Time: 1740
Time: 1741
Time: 1742
Time: 1743
Time: 1744
Time: 1745
Time: 1746
Time: 1747
Time: 1748
Time: 1749
Time: 1750
Time: 1751
Time: 1752
Time: 1753
Time: 1754
Time: 1755
Time: 1756
Time: 1757
Time: 1758
Time: 1759
Time: 1760
Time: 1761
Time: 1762
Time: 1763
Time: 1764
Time: 1765
Time: 1766
Time: 1767
Time: 1768
Time: 1769
Time: 1770
Time: 1771
Time: 1772
Time: 1773
Time: 1774
Time: 1775
Time: 1776
Time: 1777
Time: 1778
Time: 1779
Time: 1780
Time: 1781
Time: 1782
Time: 1783
Time: 1784
Time: 1785
Time: 1786
Time: 1787
Time: 1788
Time: 1789
Time: 1790
Time: 1791
Time: 1792
Time: 1793
Time: 1794
Time: 1795
Time: 1796
Time: 1797
Time: 1798
Time: 1799
Time: 1800
Time: 1801
Time: 1802
Time: 1803
Time: 1804
Time: 1805
Time: 1806
Time: 1807
Time: 1808
Time: 1809
Time: 1810
Time: 1811
Time: 1812
Time: 1813
Time: 1814
Time: 1815
Time: 1816
Time: 1817
Time: 1818
Time: 1819
Time: 1820
Time: 1821
Time: 1822
Time: 1823
Time: 1824
Time: 1825
Time: 1826
Time: 1827
Time: 1828
Time: 1829
Time: 1830
Time: 1831
Time: 1832
Time: 1833
Time: 1834
Time: 1835
Time: 1836
Time: 1837
Time: 1838
Time: 1839
Time: 1840
Time: 1841
Time: 1842
Time: 1843
Time: 1844
Time: 1845
Time: 1846
Time: 1847
Time: 1848
Time: 1849
Time: 1850
Time: 1851
Time: 1852
Time: 1853
Time: 1854
Time: 1855
Time: 1856
Time: 1857
Time: 1858
Time: 1859
Time: 1860
Time: 1861
Time: 1862
Time: 1863
Time: 1864
Time: 1865
Time: 1866
Time: 1867
Time: 1868
Time: 1869
Time: 1870
Time: 1871
Time: 1872
Time: 1873
Time: 1874
Time: 1875
Time: 1876
Time: 1877
Time: 1878
Time: 1879
Time: 1880
Time: 1881
Time: 1882
Time: 1883
Time: 1884
Time: 1885
Time: 1886
Time: 1887
Time: 1888
Time: 1889
Time: 1890
Time: 1891
Time: 1892
Time: 1893
Time: 1894
Time: 1895
Time: 1896
Time: 1897
Time: 1898
Time: 1899
Time: 1900
Time: 1901
Time: 1902
Time: 1903
Time: 1904
Time: 1905
Time: 1906
Time: 1907
Time: 1908
Time: 1909
Time: 1910
Time: 1911
Time: 1912
Time: 1913
Time: 1914
Time: 1915
Time: 1916
Time: 1917
Time: 1918
Time: 1919
Time: 1920
Time: 1921
Time: 1922
Time: 1923
Time: 1924
Time: 1925
Time: 1926
Time: 1927
Time: 1928
Time: 1929
Time: 1930
Time: 1931
Time: 1932
Time: 1933
Time: 1934
Time: 1935
Time: 1936
Time: 1937
Time: 1938
Time: 1939
Time: 1940
Time: 1941
Time: 1942
Time: 1943
Time: 1944
Time: 1945
Time: 1946
Time: 1947
Time: 1948
Time: 1949
Time: 1950
Time: 1951
Time: 1952
Time: 1953
Time: 1954
Time: 1955
Time: 1956
Time: 1957
Time: 1958
Time: 1959
Time: 1960
Time: 1961
Time: 1962
Time: 1963
Time: 1964
Time: 1965
Time: 1966
Time: 1967
Time: 1968
Time: 1969
Time: 1970
Time: 1971
Time: 1972
Time: 1973
Time: 1974
Time: 1975
Time: 1976
Time: 1977
Time: 1978
Time: 1979
Time: 1980
Time: 1981
Time: 1982
Time: 1983
Time: 1984
Time: 1985
Time: 1986
Time: 1987
Time: 1988
Time: 1989
Time: 1990
Time: 1991
Time: 1992
Time: 1993
Time: 1994
Time: 1995
Time: 1996
Time: 1997
Time: 1998
Time: 1999
Time: 2000
Time: 2001
Time: 2002
Time: 2003
Time: 2004
Time: 2005
Time: 2006
Time: 2007
Time: 2008
Time: 2009
Time: 2010
Time: 2011
Time: 2012
Time: 2013
Time: 2014
Time: 2015
Time: 2016
Time: 2017
Time: 2018
Time: 2019
Time: 2020
Time: 2021
Time: 2022
Time: 2023
Time: 2024
Time: 2025
Time: 2026
Time: 2027
Time: 2028
Time: 2029
Time: 2030
Time: 2031
Time: 2032
Time: 2033
Time: 2034
Time: 2035
Time: 2036
Time: 2037
Time: 2038
Time: 2039
Time: 2040
Time: 2041
Time: 2042
Time: 2043
Time: 2044
Time: 2045
Time: 2046
Time: 2047
Time: 2048
Time: 2049
Time: 2050
Time: 2051
Time: 2052
Time: 2053
Time: 2054
Time: 2055
Time: 2056
Time: 2057
Time: 2058
Time: 2059
Time: 2060
Time: 2061
Time: 2062
Time: 2063
Time: 2064
Time: 2065
Time: 2066
Time: 2067
Time: 2068
Time: 2069
Time: 2070
Time: 2071
Time: 2072
Time: 2073
Time: 2074
Time: 2075
Time: 2076
Time: 2077
Time: 2078
Time: 2079
Time: 2080
Time: 2081
Time: 2082
Time: 2083
Time: 2084
Time: 2085
Time: 2086
Time: 2087
Time: 2088
Time: 2089
Time: 2090
Time: 2091
Time: 2092
Time: 2093
Time: 2094
Time: 2095
Time: 2096
Time: 2097
Time: 2098
Time: 2099
Time: 2100
Time: 2101
Time: 2102
Time: 2103
Time: 2104
Time: 2105
Time: 2106
Time: 2107
Time: 2108
Time: 2109
Time: 2110
Time: 2111
Time: 2112
Time: 2113
Time: 2114
Time: 2115
Time: 2116
Time: 2117
Time: 2118
Time: 2119
Time: 2120
Time: 2121
Time: 2122
Time: 2123
Time: 2124
Time: 2125
Time: 2126
Time: 2127
Time: 2128
Time: 2129
Time: 2130
Time: 2131
Time: 2132
Time: 2133
Time: 2134
Time: 2135
Time: 2136
Time: 2137
Time: 2138
Time: 2139
Time: 2140
Time: 2141
Time: 2142
Time: 2143
Time: 2144
Time: 2145
Time: 2146
Time: 2147
Time: 2148
Time: 2149
Time: 2150
Time: 2151
Time: 2152
Time: 2153
Time: 2154
Time: 2155
Time: 2156
Time: 2157
Time: 2158
Time: 2159
Time: 2160
Time: 2161
Time: 2162
Time: 2163
Time: 2164
Time: 2165
Time: 2166
Time: 2167
Time: 2168
Time: 2169
Time: 2170
Time: 2171
Time: 2172
Time: 2173
Time: 2174
Time: 2175
Time: 2176
Time: 2177
Time: 2178
Time: 2179
Time: 2180
Time: 2181
Time: 2182
Time: 2183
Time: 2184
Time: 2185
Time: 2186
Time: 2187
Time: 2188
Time: 2189
Time: 2190
Time: 2191
Time: 2192
Time: 2193
Time: 2194
Time: 2195
Time: 2196
Time: 2197
Time: 2198
Time: 2199
Time: 2200
Time: 2201
Time: 2202
Time: 2203
Time: 2204
Time: 2205
Time: 2206
Time: 2207
Time: 2208
Time: 2209
Time: 2210
Time: 2211
Time: 2212
Time: 2213
Time: 2214
Time: 2215
Time: 2216
Time: 2217
Time: 2218
Time: 2219
Time: 2220
Time: 2221
Time: 2222
Time: 2223
Time: 2224
Time: 2225
Time: 2226
Time: 2227
Time: 2228
Time: 2229
Time: 2230
Time: 2231
Time: 2232
Time: 2233
Time: 2234
Time: 2235
Time: 2236
Time: 2237
Time: 2238
Time: 2239
Time: 2240
Time: 2241
Time: 2242
Time: 2243
Time: 2244
Time: 2245
Time: 2246
Time: 2247
Time: 2248
Time: 2249
Time: 2250
Time: 2251
Time: 2252
Time: 2253
Time: 2254
Time: 2255
Time: 2256
Time: 2257
Time: 2258
Time: 2259
Time: 2260
Time: 2261
Time: 2262
Time: 2263
Time: 2264
Time: 2265
Time: 2266
Time: 2267
Time: 2268
Time: 2269
Time: 2270
Time: 2271
Time: 2272
Time: 2273
Time: 2274
Time: 2275
Time: 2276
Time: 2277
Time: 2278
Time: 2279
Time: 2280
Time: 2281
Time: 2282
Time: 2283
Time: 2284
Time: 2285
Time: 2286
Time: 2287
Time: 2288
Time: 2289
Time: 2290
Time: 2291
Time: 2292
Time: 2293
Time: 2294
Time: 2295
Time: 2296
Time: 2297
Time: 2298
Time: 2299
Time: 2300
Time: 2301
Time: 2302
Time: 2303
Time: 2304
Time: 2305
Time: 2306
Time: 2307
Time: 2308
Time: 2309
Time: 2310
Time: 2311
Time: 2312
Time: 2313
Time: 2314
Time: 2315
Time: 2316
Time: 2317
Time: 2318
Time: 2319
Time: 2320
Time: 2321
Time: 2322
Time: 2323
Time: 2324
Time: 2325
Time: 2326
Time: 2327
Time: 2328
Time: 2329
Time: 2330
Time: 2331
Time: 2332
Time: 2333
Time: 2334
Time: 2335
Time: 2336
Time: 2337
Time: 2338
Time: 2339
Time: 2340
Time: 2341
Time: 2342
Time: 2343
Time: 2344
Time: 2345
Time: 2346
Time: 2347
Time: 2348
Time: 2349
Time: 2350
Time: 2351
Time: 2352
Time: 2353
Time: 2354
Time: 2355
Time: 2356
Time: 2357
Time: 2358
Time: 2359
Time: 2360
Time: 2361
Time: 2362
Time: 2363
Time: 2364
Time: 2365
Time: 2366
Time: 2367
Time: 2368
Time: 2369
Time: 2370
Time: 2371
Time: 2372
Time: 2373
Time: 2374
Time: 2375
Time: 2376
Time: 2377
Time: 2378
Time: 2379
Time: 2380
Time: 2381
Time: 2382
Time: 2383
Time: 2384
Time: 2385
Time: 2386
Time: 2387
Time: 2388
Time: 2389
Time: 2390
Time: 2391
Time: 2392
Time: 2393
Time: 2394
Time: 2395
Time: 2396
Time: 2397
Time: 2398
Time: 2399
Time: 2400
Time: 2401
Time: 2402
Time: 2403
Time: 2404
Time: 2405
Time: 2406
Time: 2407
Time: 2408
Time: 2409
Time: 2410
Time: 2411
Time: 2412
Time: 2413
Time: 2414
Time: 2415
Time: 2416
Time: 2417
Time: 2418
Time: 2419
Time: 2420
Time: 2421
Time: 2422
Time: 2423
Time: 2424
Time: 2425
Time: 2426
Time: 2427
Time: 2428
Time: 2429
Time: 2430
Time: 2431
Time: 2432
Time: 2433
Time: 2434
Time: 2435
Time: 2436
Time: 2437
Time: 2438
Time: 2439
Time: 2440
Time: 2441
Time: 2442
Time: 2443
Time: 2444
Time: 2445
Time: 2446
Time: 2447
Time: 2448
Time: 2449
Time: 2450
Time: 2451
Time: 2452
Time: 2453
Time: 2454
Time: 2455
Time: 2456
Time: 2457
Time: 2458
Time: 2459
Time: 2460
Time: 2461
Time: 2462
Time: 2463
Time: 2464
Time: 2465
Time: 2466
Time: 2467
Time: 2468
Time: 2469
Time: 2470
Time: 2471
Time: 2472
Time: 2473
Time: 2474
Time: 2475
Time: 2476
Time: 2477
Time: 2478
Time: 2479
Time: 2480
Time: 2481
Time: 2482
Time: 2483
Time: 2484
Time: 2485
Time: 2486
Time: 2487
Time: 2488
Time: 2489
Time: 2490
Time: 2491
Time: 2492
Time: 2493
Time: 2494
Time: 2495
Time: 2496
Time: 2497
Time: 2498
Time: 2499
Time: 2500
Time: 2501
Time: 2502
Time: 2503
Time: 2504
Time: 2505
Time: 2506
Time: 2507
Time: 2508
Time: 2509
Time: 2510
Time: 2511
Time: 2512
Time: 2513
Time: 2514
Time: 2515
Time: 2516
Time: 2517
Time: 2518
Time: 2519
Time: 2520
Time: 2521
Time: 2522
Time: 2523
Time: 2524
Time: 2525
Time: 2526
Time: 2527
Time: 2528
Time: 2529
Time: 2530
Time: 2531
Time: 2532
Time: 2533
Time: 2534
Time: 2535
Time: 2536
Time: 2537
Time: 2538
Time: 2539
Time: 2540
Time: 2541
Time: 2542
Time: 2543
Time: 2544
Time: 2545
Time: 2546
Time: 2547
Time: 2548
Time: 2549
Time: 2550
Time: 2551
Time: 2552
Time: 2553
Time: 2554
Time: 2555
Time: 2556
Time: 2557
Time: 2558
Time: 2559
Time: 2560
Time: 2561
Time: 2562
Time: 2563
Time: 2564
Time: 2565
Time: 2566
Time: 2567
Time: 2568
Time: 2569
Time: 2570
Time: 2571
Time: 2572
Time: 2573
Time: 2574
Time: 2575
Time: 2576
Time: 2577
Time: 2578
Time: 2579
Time: 2580
Time: 2581
Time: 2582
Time: 2583
Time: 2584
Time: 2585
Time: 2586
Time: 2587
Time: 2588
Time: 2589
Time: 2590
Time: 2591
Time: 2592
Time: 2593
Time: 2594
Time: 2595
Time: 2596
Time: 2597
Time: 2598
Time: 2599
Time: 2600
Time: 2601
Time: 2602
Time: 2603
Time: 2604
Time: 2605
Time: 2606
Time: 2607
Time: 2608
Time: 2609
Time: 2610
Time: 2611
Time: 2612
Time: 2613
Time: 2614
Time: 2615
Time: 2616
Time: 2617
Time: 2618
Time: 2619
Time: 2620
Time: 2621
Time: 2622
Time: 2623
Time: 2624
Time: 2625
Time: 2626
Time: 2627
Time: 2628
Time: 2629
Time: 2630
Time: 2631
Time: 2632
Time: 2633
Time: 2634
Time: 2635
Time: 2636
Time: 2637
Time: 2638
Time: 2639
Time: 2640
Time: 2641
Time: 2642
Time: 2643
Time: 2644
Time: 2645
Time: 2646
Time: 2647
Time: 2648
Time: 2649
Time: 2650
Time: 2651
Time: 2652
Time: 2653
Time: 2654
Time: 2655
Time: 2656
Time: 2657
Time: 2658
Time: 2659
Time: 2660
Time: 2661
Time: 2662
Time: 2663
Time: 2664
Time: 2665
Time: 2666
Time: 2667
Time: 2668
Time: 2669
Time: 2670
Time: 2671
Time: 2672
Time: 2673
Time: 2674
Time: 2675
Time: 2676
Time: 2677
Time: 2678
Time: 2679
Time: 2680
Time: 2681
Time: 2682
Time: 2683
Time: 2684
Time: 2685
Time: 2686
Time: 2687
Time: 2688
Time: 2689
Time: 2690
Time: 2691
Time: 2692
Time: 2693
Time: 2694
Time: 2695
Time: 2696
Time: 2697
Time: 2698
Time: 2699
Time: 2700
Time: 2701
Time: 2702
Time: 2703
Time: 2704
Time: 2705
Time: 2706
Time: 2707
Time: 2708
Time: 2709
Time: 2710
Time: 2711
Time: 2712
Time: 2713
Time: 2714
Time: 2715
Time: 2716
Time: 2717
Time: 2718
Time: 2719
Time: 2720
Time: 2721
Time: 2722
Time: 2723
Time: 2724
Time: 2725
Time: 2726
Time: 2727
Time: 2728
Time: 2729
Time: 2730
Time: 2731
Time: 2732
Time: 2733
Time: 2734
Time: 2735
Time: 2736
Time: 2737
Time: 2738
Time: 2739
Time: 2740
Time: 2741
Time: 2742
Time: 2743
Time: 2744
Time: 2745
Time: 2746
Time: 2747
Time: 2748
Time: 2749
Time: 2750
Time: 2751
Time: 2752
Time: 2753
Time: 2754
Time: 2755
Time: 2756
Time: 2757
Time: 2758
Time: 2759
Time: 2760
Time: 2761
Time: 2762
Time: 2763
Time: 2764
Time: 2765
Time: 2766
Time: 2767
Time: 2768
Time: 2769
Time: 2770
Time: 2771
Time: 2772
Time: 2773
Time: 2774
Time: 2775
Time: 2776
Time: 2777
Time: 2778
Time: 2779
Time: 2780
Time: 2781
Time: 2782
Time: 2783
Time: 2784
Time: 2785
Time: 2786
Time: 2787
Time: 2788
Time: 2789
Time: 2790
Time: 2791
Time: 2792
Time: 2793
Time: 2794
Time: 2795
Time: 2796
Time: 2797
Time: 2798
Time: 2799
Time: 2800
Time: 2801
Time: 2802
Time: 2803
Time: 2804
Time: 2805
Time: 2806
Time: 2807
Time: 2808
Time: 2809
Time: 2810
Time: 2811
Time: 2812
Time: 2813
Time: 2814
Time: 2815
Time: 2816
Time: 2817
Time: 2818
Time: 2819
Time: 2820
Time: 2821
Time: 2822
Time: 2823
Time: 2824
Time: 2825
Time: 2826
Time: 2827
Time: 2828
Time: 2829
Time: 2830
Time: 2831
Time: 2832
Time: 2833
Time: 2834
Time: 2835
Time: 2836
Time: 2837
Time: 2838
Time: 2839
Time: 2840
Time: 2841
Time: 2842
Time: 2843
Time: 2844
Time: 2845
Time: 2846
Time: 2847
Time: 2848
Time: 2849
Time: 2850
Time: 2851
Time: 2852
Time: 2853
Time: 2854
Time: 2855
Time: 2856
Time: 2857
Time: 2858
Time: 2859
Time: 2860
Time: 2861
Time: 2862
Time: 2863
Time: 2864
Time: 2865
Time: 2866
Time: 2867
Time: 2868
Time: 2869
Time: 2870
Time: 2871
Time: 2872
Time: 2873
Time: 2874
Time: 2875
Time: 2876
Time: 2877
Time: 2878
Time: 2879
Time: 2880
Time: 2881
Time: 2882
Time: 2883
Time: 2884
Time: 2885
Time: 2886
Time: 2887
Time: 2888
Time: 2889
Time: 2890
Time: 2891
Time: 2892
Time: 2893
Time: 2894
Time: 2895
Time: 2896
Time: 2897
Time: 2898
Time: 2899
Time: 2900
Time: 2901
Time: 2902
Time: 2903
Time: 2904
Time: 2905
Time: 2906
Time: 2907
Time: 2908
Time: 2909
Time: 2910
Time: 2911
Time: 2912
Time: 2913
Time: 2914
Time: 2915
Time: 2916
Time: 2917
Time: 2918
Time: 2919
Time: 2920
Time: 2921
Time: 2922
Time: 2923
Time: 2924
Time: 2925
Time: 2926
Time: 2927
Time: 2928
Time: 2929
Time: 2930
Time: 2931
Time: 2932
Time: 2933
Time: 2934
Time: 2935
Time: 2936
Time: 2937
Time: 2938
Time: 2939
Time: 2940
Time: 2941
Time: 2942
Time: 2943
Time: 2944
Time: 2945
Time: 2946
Time: 2947
Time: 2948
Time: 2949
Time: 2950
Time: 2951
Time: 2952
Time: 2953
Time: 2954
Time: 2955
Time: 2956
Time: 2957
Time: 2958
Time: 2959
Time: 2960
Time: 2961
Time: 2962
Time: 2963
Time: 2964
Time: 2965
Time: 2966
Time: 2967
Time: 2968
Time: 2969
Time: 2970
Time: 2971
Time: 2972
Time: 2973
Time: 2974
Time: 2975
Time: 2976
Time: 2977
Time: 2978
Time: 2979
Time: 2980
Time: 2981
Time: 2982
Time: 2983
Time: 2984
Time: 2985
Time: 2986
Time: 2987
Time: 2988
Time: 2989
Time: 2990
Time: 2991
Time: 2992
Time: 2993
Time: 2994
Time: 2995
Time: 2996
Time: 2997
Time: 2998
Time: 2999
Time: 3000
<end of output>
Test time =   1.14 sec
----------------------------------------------------------
Test Passed.
"her_test" end time: Jun 05 11:02 PDT
"her_test" time elapsed: 00:00:01
----------------------------------------------------------

2/10 Testing: oscil_test_pt1
2/10 Test: oscil_test_pt1
Command: "/usr/bin/cmake" "-D" "test_cmd=/home/mcclelnr/DENSE/models/Belousov-Zhabotinksy/test/Belousov-Zhabotinksy/turing_simulation" "-D" "test_args:string=--param-sets /home/mcclelnr/DENSE/test/Belousov-Zhabotinksy/param_sets.csv --cell-total 100 --tissue-width 100 --time-total 15 --anlys-intvl 0.5 -r 279507039 --analysis /home/mcclelnr/DENSE/test/Belousov-Zhabotinksy/analesys.xml" "-D" "output_blessed=/home/mcclelnr/DENSE/test/Belousov-Zhabotinksy/anlys_basic_a.csv" "-D" "output_test=/home/mcclelnr/DENSE/models/Belousov-Zhabotinksy/test/Belousov-Zhabotinksy/anlys_basic_a.csv" "-P" "/home/mcclelnr/DENSE/test/her_model_2014/run_test.cmake"
Directory: /home/mcclelnr/DENSE/models/Belousov-Zhabotinksy/test/Belousov-Zhabotinksy
"oscil_test_pt1" start time: Jun 05 11:02 PDT
Output:
----------------------------------------------------------
/home/mcclelnr/DENSE/models/Belousov-Zhabotinksy/test/Belousov-Zhabotinksy/turing_simulation--param-sets /home/mcclelnr/DENSE/test/Belousov-Zhabotinksy/param_sets.csv --cell-total 100 --tissue-width 100 --time-total 15 --anlys-intvl 0.5 -r 279507039 --analysis /home/mcclelnr/DENSE/test/Belousov-Zhabotinksy/analesys.xml
[33mRunning stochastic simulation. To run deterministic simulation, specify a step size using the [-s | --step-size] flag.[0m
Stochastic simulation seed: 279507039
Time: 1
Time: 2
Time: 3
Time: 4
Time: 5
Time: 6
Time: 7
Time: 8
Time: 9
Time: 10
Time: 11
Time: 12
Time: 13
Time: 14
Time: 15
<end of output>
Test time =   0.04 sec
----------------------------------------------------------
Test Passed.
"oscil_test_pt1" end time: Jun 05 11:02 PDT
"oscil_test_pt1" time elapsed: 00:00:00
----------------------------------------------------------

3/10 Testing: oscil_test_pt2
3/10 Test: oscil_test_pt2
Command: "/usr/bin/cmake" "-D" "test_cmd=/home/mcclelnr/DENSE/models/Belousov-Zhabotinksy/test/Belousov-Zhabotinksy/turing_simulation" "-D" "test_args:string=--param-sets /home/mcclelnr/DENSE/test/Belousov-Zhabotinksy/param_sets.csv --cell-total 100 --tissue-width 100 --time-total 15 --anlys-intvl 0.5 -r 279507039 --analysis /home/mcclelnr/DENSE/test/Belousov-Zhabotinksy/analesys.xml" "-D" "output_blessed=/home/mcclelnr/DENSE/test/Belousov-Zhabotinksy/anlys_basic_b.csv" "-D" "output_test=/home/mcclelnr/DENSE/models/Belousov-Zhabotinksy/test/Belousov-Zhabotinksy/anlys_basic_b.csv" "-P" "/home/mcclelnr/DENSE/test/her_model_2014/run_test.cmake"
Directory: /home/mcclelnr/DENSE/models/Belousov-Zhabotinksy/test/Belousov-Zhabotinksy
"oscil_test_pt2" start time: Jun 05 11:02 PDT
Output:
----------------------------------------------------------
/home/mcclelnr/DENSE/models/Belousov-Zhabotinksy/test/Belousov-Zhabotinksy/turing_simulation--param-sets /home/mcclelnr/DENSE/test/Belousov-Zhabotinksy/param_sets.csv --cell-total 100 --tissue-width 100 --time-total 15 --anlys-intvl 0.5 -r 279507039 --analysis /home/mcclelnr/DENSE/test/Belousov-Zhabotinksy/analesys.xml
[33mRunning stochastic simulation. To run deterministic simulation, specify a step size using the [-s | --step-size] flag.[0m
Stochastic simulation seed: 279507039
Time: 1
Time: 2
Time: 3
Time: 4
Time: 5
Time: 6
Time: 7
Time: 8
Time: 9
Time: 10
Time: 11
Time: 12
Time: 13
Time: 14
Time: 15
<end of output>
Test time =   0.04 sec
----------------------------------------------------------
Test Passed.
"oscil_test_pt2" end time: Jun 05 11:02 PDT
"oscil_test_pt2" time elapsed: 00:00:00
----------------------------------------------------------

4/10 Testing: oscil_test_pt3
4/10 Test: oscil_test_pt3
Command: "/usr/bin/cmake" "-D" "test_cmd=/home/mcclelnr/DENSE/models/Belousov-Zhabotinksy/test/Belousov-Zhabotinksy/turing_simulation" "-D" "test_args:string=--param-sets /home/mcclelnr/DENSE/test/Belousov-Zhabotinksy/param_sets.csv --cell-total 100 --tissue-width 100 --time-total 15 --anlys-intvl 0.5 -r 279507039 --analysis /home/mcclelnr/DENSE/test/Belousov-Zhabotinksy/analesys.xml" "-D" "output_blessed=/home/mcclelnr/DENSE/test/Belousov-Zhabotinksy/anlys_basic_c.csv" "-D" "output_test=/home/mcclelnr/DENSE/models/Belousov-Zhabotinksy/test/Belousov-Zhabotinksy/anlys_basic_c.csv" "-P" "/home/mcclelnr/DENSE/test/her_model_2014/run_test.cmake"
Directory: /home/mcclelnr/DENSE/models/Belousov-Zhabotinksy/test/Belousov-Zhabotinksy
"oscil_test_pt3" start time: Jun 05 11:02 PDT
Output:
----------------------------------------------------------
/home/mcclelnr/DENSE/models/Belousov-Zhabotinksy/test/Belousov-Zhabotinksy/turing_simulation--param-sets /home/mcclelnr/DENSE/test/Belousov-Zhabotinksy/param_sets.csv --cell-total 100 --tissue-width 100 --time-total 15 --anlys-intvl 0.5 -r 279507039 --analysis /home/mcclelnr/DENSE/test/Belousov-Zhabotinksy/analesys.xml
[33mRunning stochastic simulation. To run deterministic simulation, specify a step size using the [-s | --step-size] flag.[0m
Stochastic simulation seed: 279507039
Time: 1
Time: 2
Time: 3
Time: 4
Time: 5
Time: 6
Time: 7
Time: 8
Time: 9
Time: 10
Time: 11
Time: 12
Time: 13
Time: 14
Time: 15
<end of output>
Test time =   0.04 sec
----------------------------------------------------------
Test Passed.
"oscil_test_pt3" end time: Jun 05 11:02 PDT
"oscil_test_pt3" time elapsed: 00:00:00
----------------------------------------------------------

5/10 Testing: oscil_test_pt4
5/10 Test: oscil_test_pt4
Command: "/usr/bin/cmake" "-D" "test_cmd=/home/mcclelnr/DENSE/models/Belousov-Zhabotinksy/test/Belousov-Zhabotinksy/turing_simulation" "-D" "test_args:string=--param-sets /home/mcclelnr/DENSE/test/Belousov-Zhabotinksy/param_sets.csv --cell-total 100 --tissue-width 100 --time-total 15 --anlys-intvl 0.5 -r 279507039 --analysis /home/mcclelnr/DENSE/test/Belousov-Zhabotinksy/analesys.xml" "-D" "output_blessed=/home/mcclelnr/DENSE/test/Belousov-Zhabotinksy/anlys_basic_d.csv" "-D" "output_test=/home/mcclelnr/DENSE/models/Belousov-Zhabotinksy/test/Belousov-Zhabotinksy/anlys_basic_d.csv" "-P" "/home/mcclelnr/DENSE/test/her_model_2014/run_test.cmake"
Directory: /home/mcclelnr/DENSE/models/Belousov-Zhabotinksy/test/Belousov-Zhabotinksy
"oscil_test_pt4" start time: Jun 05 11:02 PDT
Output:
----------------------------------------------------------
/home/mcclelnr/DENSE/models/Belousov-Zhabotinksy/test/Belousov-Zhabotinksy/turing_simulation--param-sets /home/mcclelnr/DENSE/test/Belousov-Zhabotinksy/param_sets.csv --cell-total 100 --tissue-width 100 --time-total 15 --anlys-intvl 0.5 -r 279507039 --analysis /home/mcclelnr/DENSE/test/Belousov-Zhabotinksy/analesys.xml
[33mRunning stochastic simulation. To run deterministic simulation, specify a step size using the [-s | --step-size] flag.[0m
Stochastic simulation seed: 279507039
Time: 1
Time: 2
Time: 3
Time: 4
Time: 5
Time: 6
Time: 7
Time: 8
Time: 9
Time: 10
Time: 11
Time: 12
Time: 13
Time: 14
Time: 15
<end of output>
Test time =   0.04 sec
----------------------------------------------------------
Test Passed.
"oscil_test_pt4" end time: Jun 05 11:02 PDT
"oscil_test_pt4" time elapsed: 00:00:00
----------------------------------------------------------

6/10 Testing: oscil_test_pt5
6/10 Test: oscil_test_pt5
Command: "/usr/bin/cmake" "-D" "test_cmd=/home/mcclelnr/DENSE/models/Belousov-Zhabotinksy/test/Belousov-Zhabotinksy/turing_simulation" "-D" "test_args:string=--param-sets /home/mcclelnr/DENSE/test/Belousov-Zhabotinksy/param_sets.csv --cell-total 100 --tissue-width 100 --time-total 15 --anlys-intvl 0.5 -r 279507039 --analysis /home/mcclelnr/DENSE/test/Belousov-Zhabotinksy/analesys.xml" "-D" "output_blessed=/home/mcclelnr/DENSE/test/Belousov-Zhabotinksy/anlys_basic_e.csv" "-D" "output_test=/home/mcclelnr/DENSE/models/Belousov-Zhabotinksy/test/Belousov-Zhabotinksy/anlys_basic_e.csv" "-P" "/home/mcclelnr/DENSE/test/her_model_2014/run_test.cmake"
Directory: /home/mcclelnr/DENSE/models/Belousov-Zhabotinksy/test/Belousov-Zhabotinksy
"oscil_test_pt5" start time: Jun 05 11:02 PDT
Output:
----------------------------------------------------------
/home/mcclelnr/DENSE/models/Belousov-Zhabotinksy/test/Belousov-Zhabotinksy/turing_simulation--param-sets /home/mcclelnr/DENSE/test/Belousov-Zhabotinksy/param_sets.csv --cell-total 100 --tissue-width 100 --time-total 15 --anlys-intvl 0.5 -r 279507039 --analysis /home/mcclelnr/DENSE/test/Belousov-Zhabotinksy/analesys.xml
[33mRunning stochastic simulation. To run deterministic simulation, specify a step size using the [-s | --step-size] flag.[0m
Stochastic simulation seed: 279507039
Time: 1
Time: 2
Time: 3
Time: 4
Time: 5
Time: 6
Time: 7
Time: 8
Time: 9
Time: 10
Time: 11
Time: 12
Time: 13
Time: 14
Time: 15
<end of output>
Test time =   0.04 sec
----------------------------------------------------------
Test Passed.
"oscil_test_pt5" end time: Jun 05 11:02 PDT
"oscil_test_pt5" time elapsed: 00:00:00
----------------------------------------------------------

7/10 Testing: oscil_test_overall
7/10 Test: oscil_test_overall
Command: "/usr/bin/cmake" "-D" "test_cmd=/home/mcclelnr/DENSE/models/Belousov-Zhabotinksy/test/Belousov-Zhabotinksy/turing_simulation" "-D" "test_args:string=--param-sets /home/mcclelnr/DENSE/test/Belousov-Zhabotinksy/param_sets.csv --cell-total 100 --tissue-width 100 --time-total 15 --anlys-intvl 0.5 -r 279507039 --analysis /home/mcclelnr/DENSE/test/Belousov-Zhabotinksy/analesys.xml" "-D" "output_blessed=/home/mcclelnr/DENSE/test/Belousov-Zhabotinksy/anlys_oscil.csv" "-D" "output_test=/home/mcclelnr/DENSE/models/Belousov-Zhabotinksy/test/Belousov-Zhabotinksy/anlys_oscil.csv" "-P" "/home/mcclelnr/DENSE/test/her_model_2014/run_test.cmake"
Directory: /home/mcclelnr/DENSE/models/Belousov-Zhabotinksy/test/Belousov-Zhabotinksy
"oscil_test_overall" start time: Jun 05 11:02 PDT
Output:
----------------------------------------------------------
/home/mcclelnr/DENSE/models/Belousov-Zhabotinksy/test/Belousov-Zhabotinksy/turing_simulation--param-sets /home/mcclelnr/DENSE/test/Belousov-Zhabotinksy/param_sets.csv --cell-total 100 --tissue-width 100 --time-total 15 --anlys-intvl 0.5 -r 279507039 --analysis /home/mcclelnr/DENSE/test/Belousov-Zhabotinksy/analesys.xml
[33mRunning stochastic simulation. To run deterministic simulation, specify a step size using the [-s | --step-size] flag.[0m
Stochastic simulation seed: 279507039
Time: 1
Time: 2
Time: 3
Time: 4
Time: 5
Time: 6
Time: 7
Time: 8
Time: 9
Time: 10
Time: 11
Time: 12
Time: 13
Time: 14
Time: 15
<end of output>
Test time =   0.04 sec
----------------------------------------------------------
Test Passed.
"oscil_test_overall" end time: Jun 05 11:02 PDT
"oscil_test_overall" time elapsed: 00:00:00
----------------------------------------------------------

8/10 Testing: nan_test
8/10 Test: nan_test
Command: "/usr/bin/cmake" "-D" "test_cmd=/home/mcclelnr/DENSE/models/Belousov-Zhabotinksy/test/Nan_Test/nan_simulation" "-D" "test_args:string=--param-sets /home/mcclelnr/DENSE/test/Nan_Test/param_sets.csv --cell-total 100 --tissue-width 100 --time-total 15 --anlys-intvl 0.5 -s 0.01 --analysis /home/mcclelnr/DENSE/test/Nan_Test/analyses.xml" "-D" "output_blessed=/home/mcclelnr/DENSE/test/Nan_Test/anlys_basic_a.csv" "-D" "output_test=/home/mcclelnr/DENSE/models/Belousov-Zhabotinksy/test/Nan_Test/anlys_basic_a.csv" "-P" "/home/mcclelnr/DENSE/test/her_model_2014/run_test.cmake"
Directory: /home/mcclelnr/DENSE/models/Belousov-Zhabotinksy/test/Nan_Test
"nan_test" start time: Jun 05 11:02 PDT
Output:
----------------------------------------------------------
/home/mcclelnr/DENSE/models/Belousov-Zhabotinksy/test/Nan_Test/nan_simulation--param-sets /home/mcclelnr/DENSE/test/Nan_Test/param_sets.csv --cell-total 100 --tissue-width 100 --time-total 15 --anlys-intvl 0.5 -s 0.01 --analysis /home/mcclelnr/DENSE/test/Nan_Test/analyses.xml
Time: 1
Time: 2
Time: 3
Time: 4
Time: 5
Time: 6
Time: 7
Time: 8
Time: 9
Time: 10
Time: 11
Time: 12
Time: 13
Time: 14
Time: 15
<end of output>
Test time =   0.03 sec
----------------------------------------------------------
Test Passed.
"nan_test" end time: Jun 05 11:02 PDT
"nan_test" time elapsed: 00:00:00
----------------------------------------------------------

9/10 Testing: current_build_time
9/10 Test: current_build_time
Command: "/usr/bin/cmake" "-D" "test_cmd=/home/mcclelnr/DENSE/test/time_test/simulation" "-D" "test_args:string=--param-sets /home/mcclelnr/DENSE/models/Belousov-Zhabotinksy/param_sets.csv --cell-total 10 --tissue-width 10 --time-total 30000 --anlys-intvl .01 --step-size .01" "-P" "/home/mcclelnr/DENSE/test/time_test/run_test.cmake"
Directory: /home/mcclelnr/DENSE/models/Belousov-Zhabotinksy/test/time_test
"current_build_time" start time: Jun 05 11:02 PDT
Output:
----------------------------------------------------------
/home/mcclelnr/DENSE/test/time_test/simulation--param-sets /home/mcclelnr/DENSE/models/Belousov-Zhabotinksy/param_sets.csv --cell-total 10 --tissue-width 10 --time-total 30000 --anlys-intvl .01 --step-size .01
[33mWarning: performing basic analysis only.  Did you mean to use the [-e | --data-export] and/or [-a | --analysis] flag(s)? (use -N to suppress this error)[0m
Time: 1
Time: 2
Time: 3
Time: 4
Time: 5
Time: 6
Time: 7
Time: 8
Time: 9
Time: 10
Time: 11
Time: 12
Time: 13
Time: 14
Time: 15
Time: 16
Time: 17
Time: 18
Time: 19
Time: 20
Time: 21
Time: 22
Time: 23
Time: 24
Time: 25
Time: 26
Time: 27
Time: 28
Time: 29
Time: 30
Time: 31
Time: 32
Time: 33
Time: 34
Time: 35
Time: 36
Time: 37
Time: 38
Time: 39
Time: 40
Time: 41
Time: 42
Time: 43
Time: 44
Time: 45
Time: 46
Time: 47
Time: 48
Time: 49
Time: 50
Time: 51
Time: 52
Time: 53
Time: 54
Time: 55
Time: 56
Time: 57
Time: 58
Time: 59
Time: 60
Time: 61
Time: 62
Time: 63
Time: 64
Time: 65
Time: 66
Time: 67
Time: 68
Time: 69
Time: 70
Time: 71
Time: 72
Time: 73
Time: 74
Time: 75
Time: 76
Time: 77
Time: 78
Time: 79
Time: 80
Time: 81
Time: 82
Time: 83
Time: 84
Time: 85
Time: 86
Time: 87
Time: 88
Time: 89
Time: 90
Time: 91
Time: 92
Time: 93
Time: 94
Time: 95
Time: 96
Time: 97
Time: 98
Time: 99
Time: 100
Time: 101
Time: 102
Time: 103
Time: 104
Time: 105
Time: 106
Time: 107
Time: 108
Time: 109
Time: 110
Time: 111
Time: 112
Time: 113
Time: 114
Time: 115
Time: 116
Time: 117
Time: 118
Time: 119
Time: 120
Time: 121
Time: 122
Time: 123
Time: 124
Time: 125
Time: 126
Time: 127
Time: 128
Time: 129
Time: 130
Time: 131
Time: 132
Time: 133
Time: 134
Time: 135
Time: 136
Time: 137
Time: 138
Time: 139
Time: 140
Time: 141
Time: 142
Time: 143
Time: 144
Time: 145
Time: 146
Time: 147
Time: 148
Time: 149
Time: 150
Time: 151
Time: 152
Time: 153
Time: 154
Time: 155
Time: 156
Time: 157
Time: 158
Time: 159
Time: 160
Time: 161
Time: 162
Time: 163
Time: 164
Time: 165
Time: 166
Time: 167
Time: 168
Time: 169
Time: 170
Time: 171
Time: 172
Time: 173
Time: 174
Time: 175
Time: 176
Time: 177
Time: 178
Time: 179
Time: 180
Time: 181
Time: 182
Time: 183
Time: 184
Time: 185
Time: 186
Time: 187
Time: 188
Time: 189
Time: 190
Time: 191
Time: 192
Time: 193
Time: 194
Time: 195
Time: 196
Time: 197
Time: 198
Time: 199
Time: 200
Time: 201
Time: 202
Time: 203
Time: 204
Time: 205
Time: 206
Time: 207
Time: 208
Time: 209
Time: 210
Time: 211
Time: 212
Time: 213
Time: 214
Time: 215
Time: 216
Time: 217
Time: 218
Time: 219
Time: 220
Time: 221
Time: 222
Time: 223
Time: 224
Time: 225
Time: 226
Time: 227
Time: 228
Time: 229
Time: 230
Time: 231
Time: 232
Time: 233
Time: 234
Time: 235
Time: 236
Time: 237
Time: 238
Time: 239
Time: 240
Time: 241
Time: 242
Time: 243
Time: 244
Time: 245
Time: 246
Time: 247
Time: 248
Time: 249
Time: 250
Time: 251
Time: 252
Time: 253
Time: 254
Time: 255
Time: 256
Time: 257
Time: 258
Time: 259
Time: 260
Time: 261
Time: 262
Time: 263
Time: 264
Time: 265
Time: 266
Time: 267
Time: 268
Time: 269
Time: 270
Time: 271
Time: 272
Time: 273
Time: 274
Time: 275
Time: 276
Time: 277
Time: 278
Time: 279
Time: 280
Time: 281
Time: 282
Time: 283
Time: 284
Time: 285
Time: 286
Time: 287
Time: 288
Time: 289
Time: 290
Time: 291
Time: 292
Time: 293
Time: 294
Time: 295
Time: 296
Time: 297
Time: 298
Time: 299
Time: 300
Time: 301
Time: 302
Time: 303
Time: 304
Time: 305
Time: 306
Time: 307
Time: 308
Time: 309
Time: 310
Time: 311
Time: 312
Time: 313
Time: 314
Time: 315
Time: 316
Time: 317
Time: 318
Time: 319
Time: 320
Time: 321
Time: 322
Time: 323
Time: 324
Time: 325
Time: 326
Time: 327
Time: 328
Time: 329
Time: 330
Time: 331
Time: 332
Time: 333
Time: 334
Time: 335
Time: 336
Time: 337
Time: 338
Time: 339
Time: 340
Time: 341
Time: 342
Time: 343
Time: 344
Time: 345
Time: 346
Time: 347
Time: 348
Time: 349
Time: 350
Time: 351
Time: 352
Time: 353
Time: 354
Time: 355
Time: 356
Time: 357
Time: 358
Time: 359
Time: 360
Time: 361
Time: 362
Time: 363
Time: 364
Time: 365
Time: 366
Time: 367
Time: 368
Time: 369
Time: 370
Time: 371
Time: 372
Time: 373
Time: 374
Time: 375
Time: 376
Time: 377
Time: 378
Time: 379
Time: 380
Time: 381
Time: 382
Time: 383
Time: 384
Time: 385
Time: 386
Time: 387
Time: 388
Time: 389
Time: 390
Time: 391
Time: 392
Time: 393
Time: 394
Time: 395
Time: 396
Time: 397
Time: 398
Time: 399
Time: 400
Time: 401
Time: 402
Time: 403
Time: 404
Time: 405
Time: 406
Time: 407
Time: 408
Time: 409
Time: 410
Time: 411
Time: 412
Time: 413
Time: 414
Time: 415
Time: 416
Time: 417
Time: 418
Time: 419
Time: 420
Time: 421
Time: 422
Time: 423
Time: 424
Time: 425
Time: 426
Time: 427
Time: 428
Time: 429
Time: 430
Time: 431
Time: 432
Time: 433
Time: 434
Time: 435
Time: 436
Time: 437
Time: 438
Time: 439
Time: 440
Time: 441
Time: 442
Time: 443
Time: 444
Time: 445
Time: 446
Time: 447
Time: 448
Time: 449
Time: 450
Time: 451
Time: 452
Time: 453
Time: 454
Time: 455
Time: 456
Time: 457
Time: 458
Time: 459
Time: 460
Time: 461
Time: 462
Time: 463
Time: 464
Time: 465
Time: 466
Time: 467
Time: 468
Time: 469
Time: 470
Time: 471
Time: 472
Time: 473
Time: 474
Time: 475
Time: 476
Time: 477
Time: 478
Time: 479
Time: 480
Time: 481
Time: 482
Time: 483
Time: 484
Time: 485
Time: 486
Time: 487
Time: 488
Time: 489
Time: 490
Time: 491
Time: 492
Time: 493
Time: 494
Time: 495
Time: 496
Time: 497
Time: 498
Time: 499
Time: 500
Time: 501
Time: 502
Time: 503
Time: 504
Time: 505
Time: 506
Time: 507
Time: 508
Time: 509
Time: 510
Time: 511
Time: 512
Time: 513
Time: 514
Time: 515
Time: 516
Time: 517
Time: 518
Time: 519
Time: 520
Time: 521
Time: 522
Time: 523
Time: 524
Time: 525
Time: 526
Time: 527
Time: 528
Time: 529
Time: 530
Time: 531
Time: 532
Time: 533
Time: 534
Time: 535
Time: 536
Time: 537
Time: 538
Time: 539
Time: 540
Time: 541
Time: 542
Time: 543
Time: 544
Time: 545
Time: 546
Time: 547
Time: 548
Time: 549
Time: 550
Time: 551
Time: 552
Time: 553
Time: 554
Time: 555
Time: 556
Time: 557
Time: 558
Time: 559
Time: 560
Time: 561
Time: 562
Time: 563
Time: 564
Time: 565
Time: 566
Time: 567
Time: 568
Time: 569
Time: 570
Time: 571
Time: 572
Time: 573
Time: 574
Time: 575
Time: 576
Time: 577
Time: 578
Time: 579
Time: 580
Time: 581
Time: 582
Time: 583
Time: 584
Time: 585
Time: 586
Time: 587
Time: 588
Time: 589
Time: 590
Time: 591
Time: 592
Time: 593
Time: 594
Time: 595
Time: 596
Time: 597
Time: 598
Time: 599
Time: 600
Time: 601
Time: 602
Time: 603
Time: 604
Time: 605
Time: 606
Time: 607
Time: 608
Time: 609
Time: 610
Time: 611
Time: 612
Time: 613
Time: 614
Time: 615
Time: 616
Time: 617
Time: 618
Time: 619
Time: 620
Time: 621
Time: 622
Time: 623
Time: 624
Time: 625
Time: 626
Time: 627
Time: 628
Time: 629
Time: 630
Time: 631
Time: 632
Time: 633
Time: 634
Time: 635
Time: 636
Time: 637
Time: 638
Time: 639
Time: 640
Time: 641
Time: 642
Time: 643
Time: 644
Time: 645
Time: 646
Time: 647
Time: 648
Time: 649
Time: 650
Time: 651
Time: 652
Time: 653
Time: 654
Time: 655
Time: 656
Time: 657
Time: 658
Time: 659
Time: 660
Time: 661
Time: 662
Time: 663
Time: 664
Time: 665
Time: 666
Time: 667
Time: 668
Time: 669
Time: 670
Time: 671
Time: 672
Time: 673
Time: 674
Time: 675
Time: 676
Time: 677
Time: 678
Time: 679
Time: 680
Time: 681
Time: 682
Time: 683
Time: 684
Time: 685
Time: 686
Time: 687
Time: 688
Time: 689
Time: 690
Time: 691
Time: 692
Time: 693
Time: 694
Time: 695
Time: 696
Time: 697
Time: 698
Time: 699
Time: 700
Time: 701
Time: 702
Time: 703
Time: 704
Time: 705
Time: 706
Time: 707
Time: 708
Time: 709
Time: 710
Time: 711
Time: 712
Time: 713
Time: 714
Time: 715
Time: 716
Time: 717
Time: 718
Time: 719
Time: 720
Time: 721
Time: 722
Time: 723
Time: 724
Time: 725
Time: 726
Time: 727
Time: 728
Time: 729
Time: 730
Time: 731
Time: 732
Time: 733
Time: 734
Time: 735
Time: 736
Time: 737
Time: 738
Time: 739
Time: 740
Time: 741
Time: 742
Time: 743
Time: 744
Time: 745
Time: 746
Time: 747
Time: 748
Time: 749
Time: 750
Time: 751
Time: 752
Time: 753
Time: 754
Time: 755
Time: 756
Time: 757
Time: 758
Time: 759
Time: 760
Time: 761
Time: 762
Time: 763
Time: 764
Time: 765
Time: 766
Time: 767
Time: 768
Time: 769
Time: 770
Time: 771
Time: 772
Time: 773
Time: 774
Time: 775
Time: 776
Time: 777
Time: 778
Time: 779
Time: 780
Time: 781
Time: 782
Time: 783
Time: 784
Time: 785
Time: 786
Time: 787
Time: 788
Time: 789
Time: 790
Time: 791
Time: 792
Time: 793
Time: 794
Time: 795
Time: 796
Time: 797
Time: 798
Time: 799
Time: 800
Time: 801
Time: 802
Time: 803
Time: 804
Time: 805
Time: 806
Time: 807
Time: 808
Time: 809
Time: 810
Time: 811
Time: 812
Time: 813
Time: 814
Time: 815
Time: 816
Time: 817
Time: 818
Time: 819
Time: 820
Time: 821
Time: 822
Time: 823
Time: 824
Time: 825
Time: 826
Time: 827
Time: 828
Time: 829
Time: 830
Time: 831
Time: 832
Time: 833
Time: 834
Time: 835
Time: 836
Time: 837
Time: 838
Time: 839
Time: 840
Time: 841
Time: 842
Time: 843
Time: 844
Time: 845
Time: 846
Time: 847
Time: 848
Time: 849
Time: 850
Time: 851
Time: 852
Time: 853
Time: 854
Time: 855
Time: 856
Time: 857
Time: 858
Time: 859
Time: 860
Time: 861
Time: 862
Time: 863
Time: 864
Time: 865
Time: 866
Time: 867
Time: 868
Time: 869
Time: 870
Time: 871
Time: 872
Time: 873
Time: 874
Time: 875
Time: 876
Time: 877
Time: 878
Time: 879
Time: 880
Time: 881
Time: 882
Time: 883
Time: 884
Time: 885
Time: 886
Time: 887
Time: 888
Time: 889
Time: 890
Time: 891
Time: 892
Time: 893
Time: 894
Time: 895
Time: 896
Time: 897
Time: 898
Time: 899
Time: 900
Time: 901
Time: 902
Time: 903
Time: 904
Time: 905
Time: 906
Time: 907
Time: 908
Time: 909
Time: 910
Time: 911
Time: 912
Time: 913
Time: 914
Time: 915
Time: 916
Time: 917
Time: 918
Time: 919
Time: 920
Time: 921
Time: 922
Time: 923
Time: 924
Time: 925
Time: 926
Time: 927
Time: 928
Time: 929
Time: 930
Time: 931
Time: 932
Time: 933
Time: 934
Time: 935
Time: 936
Time: 937
Time: 938
Time: 939
Time: 940
Time: 941
Time: 942
Time: 943
Time: 944
Time: 945
Time: 946
Time: 947
Time: 948
Time: 949
Time: 950
Time: 951
Time: 952
Time: 953
Time: 954
Time: 955
Time: 956
Time: 957
Time: 958
Time: 959
Time: 960
Time: 961
Time: 962
Time: 963
Time: 964
Time: 965
Time: 966
Time: 967
Time: 968
Time: 969
Time: 970
Time: 971
Time: 972
Time: 973
Time: 974
Time: 975
Time: 976
Time: 977
Time: 978
Time: 979
Time: 980
Time: 981
Time: 982
Time: 983
Time: 984
Time: 985
Time: 986
Time: 987
Time: 988
Time: 989
Time: 990
Time: 991
Time: 992
Time: 993
Time: 994
Time: 995
Time: 996
Time: 997
Time: 998
Time: 999
Time: 1000
Time: 1001
Time: 1002
Time: 1003
Time: 1004
Time: 1005
Time: 1006
Time: 1007
Time: 1008
Time: 1009
Time: 1010
Time: 1011
Time: 1012
Time: 1013
Time: 1014
Time: 1015
Time: 1016
Time: 1017
Time: 1018
Time: 1019
Time: 1020
Time: 1021
Time: 1022
Time: 1023
Time: 1024
Time: 1025
Time: 1026
Time: 1027
Time: 1028
Time: 1029
Time: 1030
Time: 1031
Time: 1032
Time: 1033
Time: 1034
Time: 1035
Time: 1036
Time: 1037
Time: 1038
Time: 1039
Time: 1040
Time: 1041
Time: 1042
Time: 1043
Time: 1044
Time: 1045
Time: 1046
Time: 1047
Time: 1048
Time: 1049
Time: 1050
Time: 1051
Time: 1052
Time: 1053
Time: 1054
Time: 1055
Time: 1056
Time: 1057
Time: 1058
Time: 1059
Time: 1060
Time: 1061
Time: 1062
Time: 1063
Time: 1064
Time: 1065
Time: 1066
Time: 1067
Time: 1068
Time: 1069
Time: 1070
Time: 1071
Time: 1072
Time: 1073
Time: 1074
Time: 1075
Time: 1076
Time: 1077
Time: 1078
Time: 1079
Time: 1080
Time: 1081
Time: 1082
Time: 1083
Time: 1084
Time: 1085
Time: 1086
Time: 1087
Time: 1088
Time: 1089
Time: 1090
Time: 1091
Time: 1092
Time: 1093
Time: 1094
Time: 1095
Time: 1096
Time: 1097
Time: 1098
Time: 1099
Time: 1100
Time: 1101
Time: 1102
Time: 1103
Time: 1104
Time: 1105
Time: 1106
Time: 1107
Time: 1108
Time: 1109
Time: 1110
Time: 1111
Time: 1112
Time: 1113
Time: 1114
Time: 1115
Time: 1116
Time: 1117
Time: 1118
Time: 1119
Time: 1120
Time: 1121
Time: 1122
Time: 1123
Time: 1124
Time: 1125
Time: 1126
Time: 1127
Time: 1128
Time: 1129
Time: 1130
Time: 1131
Time: 1132
Time: 1133
Time: 1134
Time: 1135
Time: 1136
Time: 1137
Time: 1138
Time: 1139
Time: 1140
Time: 1141
Time: 1142
Time: 1143
Time: 1144
Time: 1145
Time: 1146
Time: 1147
Time: 1148
Time: 1149
Time: 1150
Time: 1151
Time: 1152
Time: 1153
Time: 1154
Time: 1155
Time: 1156
Time: 1157
Time: 1158
Time: 1159
Time: 1160
Time: 1161
Time: 1162
Time: 1163
Time: 1164
Time: 1165
Time: 1166
Time: 1167
Time: 1168
Time: 1169
Time: 1170
Time: 1171
Time: 1172
Time: 1173
Time: 1174
Time: 1175
Time: 1176
Time: 1177
Time: 1178
Time: 1179
Time: 1180
Time: 1181
Time: 1182
Time: 1183
Time: 1184
Time: 1185
Time: 1186
Time: 1187
Time: 1188
Time: 1189
Time: 1190
Time: 1191
Time: 1192
Time: 1193
Time: 1194
Time: 1195
Time: 1196
Time: 1197
Time: 1198
Time: 1199
Time: 1200
Time: 1201
Time: 1202
Time: 1203
Time: 1204
Time: 1205
Time: 1206
Time: 1207
Time: 1208
Time: 1209
Time: 1210
Time: 1211
Time: 1212
Time: 1213
Time: 1214
Time: 1215
Time: 1216
Time: 1217
Time: 1218
Time: 1219
Time: 1220
Time: 1221
Time: 1222
Time: 1223
Time: 1224
Time: 1225
Time: 1226
Time: 1227
Time: 1228
Time: 1229
Time: 1230
Time: 1231
Time: 1232
Time: 1233
Time: 1234
Time: 1235
Time: 1236
Time: 1237
Time: 1238
Time: 1239
Time: 1240
Time: 1241
Time: 1242
Time: 1243
Time: 1244
Time: 1245
Time: 1246
Time: 1247
Time: 1248
Time: 1249
Time: 1250
Time: 1251
Time: 1252
Time: 1253
Time: 1254
Time: 1255
Time: 1256
Time: 1257
Time: 1258
Time: 1259
Time: 1260
Time: 1261
Time: 1262
Time: 1263
Time: 1264
Time: 1265
Time: 1266
Time: 1267
Time: 1268
Time: 1269
Time: 1270
Time: 1271
Time: 1272
Time: 1273
Time: 1274
Time: 1275
Time: 1276
Time: 1277
Time: 1278
Time: 1279
Time: 1280
Time: 1281
Time: 1282
Time: 1283
Time: 1284
Time: 1285
Time: 1286
Time: 1287
Time: 1288
Time: 1289
Time: 1290
Time: 1291
Time: 1292
Time: 1293
Time: 1294
Time: 1295
Time: 1296
Time: 1297
Time: 1298
Time: 1299
Time: 1300
Time: 1301
Time: 1302
Time: 1303
Time: 1304
Time: 1305
Time: 1306
Time: 1307
Time: 1308
Time: 1309
Time: 1310
Time: 1311
Time: 1312
Time: 1313
Time: 1314
Time: 1315
Time: 1316
Time: 1317
Time: 1318
Time: 1319
Time: 1320
Time: 1321
Time: 1322
Time: 1323
Time: 1324
Time: 1325
Time: 1326
Time: 1327
Time: 1328
Time: 1329
Time: 1330
Time: 1331
Time: 1332
Time: 1333
Time: 1334
Time: 1335
Time: 1336
Time: 1337
Time: 1338
Time: 1339
Time: 1340
Time: 1341
Time: 1342
Time: 1343
Time: 1344
Time: 1345
Time: 1346
Time: 1347
Time: 1348
Time: 1349
Time: 1350
Time: 1351
Time: 1352
Time: 1353
Time: 1354
Time: 1355
Time: 1356
Time: 1357
Time: 1358
Time: 1359
Time: 1360
Time: 1361
Time: 1362
Time: 1363
Time: 1364
Time: 1365
Time: 1366
Time: 1367
Time: 1368
Time: 1369
Time: 1370
Time: 1371
Time: 1372
Time: 1373
Time: 1374
Time: 1375
Time: 1376
Time: 1377
Time: 1378
Time: 1379
Time: 1380
Time: 1381
Time: 1382
Time: 1383
Time: 1384
Time: 1385
Time: 1386
Time: 1387
Time: 1388
Time: 1389
Time: 1390
Time: 1391
Time: 1392
Time: 1393
Time: 1394
Time: 1395
Time: 1396
Time: 1397
Time: 1398
Time: 1399
Time: 1400
Time: 1401
Time: 1402
Time: 1403
Time: 1404
Time: 1405
Time: 1406
Time: 1407
Time: 1408
Time: 1409
Time: 1410
Time: 1411
Time: 1412
Time: 1413
Time: 1414
Time: 1415
Time: 1416
Time: 1417
Time: 1418
Time: 1419
Time: 1420
Time: 1421
Time: 1422
Time: 1423
Time: 1424
Time: 1425
Time: 1426
Time: 1427
Time: 1428
Time: 1429
Time: 1430
Time: 1431
Time: 1432
Time: 1433
Time: 1434
Time: 1435
Time: 1436
Time: 1437
Time: 1438
Time: 1439
Time: 1440
Time: 1441
Time: 1442
Time: 1443
Time: 1444
Time: 1445
Time: 1446
Time: 1447
Time: 1448
Time: 1449
Time: 1450
Time: 1451
Time: 1452
Time: 1453
Time: 1454
Time: 1455
Time: 1456
Time: 1457
Time: 1458
Time: 1459
Time: 1460
Time: 1461
Time: 1462
Time: 1463
Time: 1464
Time: 1465
Time: 1466
Time: 1467
Time: 1468
Time: 1469
Time: 1470
Time: 1471
Time: 1472
Time: 1473
Time: 1474
Time: 1475
Time: 1476
Time: 1477
Time: 1478
Time: 1479
Time: 1480
Time: 1481
Time: 1482
Time: 1483
Time: 1484
Time: 1485
Time: 1486
Time: 1487
Time: 1488
Time: 1489
Time: 1490
Time: 1491
Time: 1492
Time: 1493
Time: 1494
Time: 1495
Time: 1496
Time: 1497
Time: 1498
Time: 1499
Time: 1500
Time: 1501
Time: 1502
Time: 1503
Time: 1504
Time: 1505
Time: 1506
Time: 1507
Time: 1508
Time: 1509
Time: 1510
Time: 1511
Time: 1512
Time: 1513
Time: 1514
Time: 1515
Time: 1516
Time: 1517
Time: 1518
Time: 1519
Time: 1520
Time: 1521
Time: 1522
Time: 1523
Time: 1524
Time: 1525
Time: 1526
Time: 1527
Time: 1528
Time: 1529
Time: 1530
Time: 1531
Time: 1532
Time: 1533
Time: 1534
Time: 1535
Time: 1536
Time: 1537
Time: 1538
Time: 1539
Time: 1540
Time: 1541
Time: 1542
Time: 1543
Time: 1544
Time: 1545
Time: 1546
Time: 1547
Time: 1548
Time: 1549
Time: 1550
Time: 1551
Time: 1552
Time: 1553
Time: 1554
Time: 1555
Time: 1556
Time: 1557
Time: 1558
Time: 1559
Time: 1560
Time: 1561
Time: 1562
Time: 1563
Time: 1564
Time: 1565
Time: 1566
Time: 1567
Time: 1568
Time: 1569
Time: 1570
Time: 1571
Time: 1572
Time: 1573
Time: 1574
Time: 1575
Time: 1576
Time: 1577
Time: 1578
Time: 1579
Time: 1580
Time: 1581
Time: 1582
Time: 1583
Time: 1584
Time: 1585
Time: 1586
Time: 1587
Time: 1588
Time: 1589
Time: 1590
Time: 1591
Time: 1592
Time: 1593
Time: 1594
Time: 1595
Time: 1596
Time: 1597
Time: 1598
Time: 1599
Time: 1600
Time: 1601
Time: 1602
Time: 1603
Time: 1604
Time: 1605
Time: 1606
Time: 1607
Time: 1608
Time: 1609
Time: 1610
Time: 1611
Time: 1612
Time: 1613
Time: 1614
Time: 1615
Time: 1616
Time: 1617
Time: 1618
Time: 1619
Time: 1620
Time: 1621
Time: 1622
Time: 1623
Time: 1624
Time: 1625
Time: 1626
Time: 1627
Time: 1628
Time: 1629
Time: 1630
Time: 1631
Time: 1632
Time: 1633
Time: 1634
Time: 1635
Time: 1636
Time: 1637
Time: 1638
Time: 1639
Time: 1640
Time: 1641
Time: 1642
Time: 1643
Time: 1644
Time: 1645
Time: 1646
Time: 1647
Time: 1648
Time: 1649
Time: 1650
Time: 1651
Time: 1652
Time: 1653
Time: 1654
Time: 1655
Time: 1656
Time: 1657
Time: 1658
Time: 1659
Time: 1660
Time: 1661
Time: 1662
Time: 1663
Time: 1664
Time: 1665
Time: 1666
Time: 1667
Time: 1668
Time: 1669
Time: 1670
Time: 1671
Time: 1672
Time: 1673
Time: 1674
Time: 1675
Time: 1676
Time: 1677
Time: 1678
Time: 1679
Time: 1680
Time: 1681
Time: 1682
Time: 1683
Time: 1684
Time: 1685
Time: 1686
Time: 1687
Time: 1688
Time: 1689
Time: 1690
Time: 1691
Time: 1692
Time: 1693
Time: 1694
Time: 1695
Time: 1696
Time: 1697
Time: 1698
Time: 1699
Time: 1700
Time: 1701
Time: 1702
Time: 1703
Time: 1704
Time: 1705
Time: 1706
Time: 1707
Time: 1708
Time: 1709
Time: 1710
Time: 1711
Time: 1712
Time: 1713
Time: 1714
Time: 1715
Time: 1716
Time: 1717
Time: 1718
Time: 1719
Time: 1720
Time: 1721
Time: 1722
Time: 1723
Time: 1724
Time: 1725
Time: 1726
Time: 1727
Time: 1728
Time: 1729
Time: 1730
Time: 1731
Time: 1732
Time: 1733
Time: 1734
Time: 1735
Time: 1736
Time: 1737
Time: 1738
Time: 1739
Time: 1740
Time: 1741
Time: 1742
Time: 1743
Time: 1744
Time: 1745
Time: 1746
Time: 1747
Time: 1748
Time: 1749
Time: 1750
Time: 1751
Time: 1752
Time: 1753
Time: 1754
Time: 1755
Time: 1756
Time: 1757
Time: 1758
Time: 1759
Time: 1760
Time: 1761
Time: 1762
Time: 1763
Time: 1764
Time: 1765
Time: 1766
Time: 1767
Time: 1768
Time: 1769
Time: 1770
Time: 1771
Time: 1772
Time: 1773
Time: 1774
Time: 1775
Time: 1776
Time: 1777
Time: 1778
Time: 1779
Time: 1780
Time: 1781
Time: 1782
Time: 1783
Time: 1784
Time: 1785
Time: 1786
Time: 1787
Time: 1788
Time: 1789
Time: 1790
Time: 1791
Time: 1792
Time: 1793
Time: 1794
Time: 1795
Time: 1796
Time: 1797
Time: 1798
Time: 1799
Time: 1800
Time: 1801
Time: 1802
Time: 1803
Time: 1804
Time: 1805
Time: 1806
Time: 1807
Time: 1808
Time: 1809
Time: 1810
Time: 1811
Time: 1812
Time: 1813
Time: 1814
Time: 1815
Time: 1816
Time: 1817
Time: 1818
Time: 1819
Time: 1820
Time: 1821
Time: 1822
Time: 1823
Time: 1824
Time: 1825
Time: 1826
Time: 1827
Time: 1828
Time: 1829
Time: 1830
Time: 1831
Time: 1832
Time: 1833
Time: 1834
Time: 1835
Time: 1836
Time: 1837
Time: 1838
Time: 1839
Time: 1840
Time: 1841
Time: 1842
Time: 1843
Time: 1844
Time: 1845
Time: 1846
Time: 1847
Time: 1848
Time: 1849
Time: 1850
Time: 1851
Time: 1852
Time: 1853
Time: 1854
Time: 1855
Time: 1856
Time: 1857
Time: 1858
Time: 1859
Time: 1860
Time: 1861
Time: 1862
Time: 1863
Time: 1864
Time: 1865
Time: 1866
Time: 1867
Time: 1868
Time: 1869
Time: 1870
Time: 1871
Time: 1872
Time: 1873
Time: 1874
Time: 1875
Time: 1876
Time: 1877
Time: 1878
Time: 1879
Time: 1880
Time: 1881
Time: 1882
Time: 1883
Time: 1884
Time: 1885
Time: 1886
Time: 1887
Time: 1888
Time: 1889
Time: 1890
Time: 1891
Time: 1892
Time: 1893
Time: 1894
Time: 1895
Time: 1896
Time: 1897
Time: 1898
Time: 1899
Time: 1900
Time: 1901
Time: 1902
Time: 1903
Time: 1904
Time: 1905
Time: 1906
Time: 1907
Time: 1908
Time: 1909
Time: 1910
Time: 1911
Time: 1912
Time: 1913
Time: 1914
Time: 1915
Time: 1916
Time: 1917
Time: 1918
Time: 1919
Time: 1920
Time: 1921
Time: 1922
Time: 1923
Time: 1924
Time: 1925
Time: 1926
Time: 1927
Time: 1928
Time: 1929
Time: 1930
Time: 1931
Time: 1932
Time: 1933
Time: 1934
Time: 1935
Time: 1936
Time: 1937
Time: 1938
Time: 1939
Time: 1940
Time: 1941
Time: 1942
Time: 1943
Time: 1944
Time: 1945
Time: 1946
Time: 1947
Time: 1948
Time: 1949
Time: 1950
Time: 1951
Time: 1952
Time: 1953
Time: 1954
Time: 1955
Time: 1956
Time: 1957
Time: 1958
Time: 1959
Time: 1960
Time: 1961
Time: 1962
Time: 1963
Time: 1964
Time: 1965
Time: 1966
Time: 1967
Time: 1968
Time: 1969
Time: 1970
Time: 1971
Time: 1972
Time: 1973
Time: 1974
Time: 1975
Time: 1976
Time: 1977
Time: 1978
Time: 1979
Time: 1980
Time: 1981
Time: 1982
Time: 1983
Time: 1984
Time: 1985
Time: 1986
Time: 1987
Time: 1988
Time: 1989
Time: 1990
Time: 1991
Time: 1992
Time: 1993
Time: 1994
Time: 1995
Time: 1996
Time: 1997
Time: 1998
Time: 1999
Time: 2000
Time: 2001
Time: 2002
Time: 2003
Time: 2004
Time: 2005
Time: 2006
Time: 2007
Time: 2008
Time: 2009
Time: 2010
Time: 2011
Time: 2012
Time: 2013
Time: 2014
Time: 2015
Time: 2016
Time: 2017
Time: 2018
Time: 2019
Time: 2020
Time: 2021
Time: 2022
Time: 2023
Time: 2024
Time: 2025
Time: 2026
Time: 2027
Time: 2028
Time: 2029
Time: 2030
Time: 2031
Time: 2032
Time: 2033
Time: 2034
Time: 2035
Time: 2036
Time: 2037
Time: 2038
Time: 2039
Time: 2040
Time: 2041
Time: 2042
Time: 2043
Time: 2044
Time: 2045
Time: 2046
Time: 2047
Time: 2048
Time: 2049
Time: 2050
Time: 2051
Time: 2052
Time: 2053
Time: 2054
Time: 2055
Time: 2056
Time: 2057
Time: 2058
Time: 2059
Time: 2060
Time: 2061
Time: 2062
Time: 2063
Time: 2064
Time: 2065
Time: 2066
Time: 2067
Time: 2068
Time: 2069
Time: 2070
Time: 2071
Time: 2072
Time: 2073
Time: 2074
Time: 2075
Time: 2076
Time: 2077
Time: 2078
Time: 2079
Time: 2080
Time: 2081
Time: 2082
Time: 2083
Time: 2084
Time: 2085
Time: 2086
Time: 2087
Time: 2088
Time: 2089
Time: 2090
Time: 2091
Time: 2092
Time: 2093
Time: 2094
Time: 2095
Time: 2096
Time: 2097
Time: 2098
Time: 2099
Time: 2100
Time: 2101
Time: 2102
Time: 2103
Time: 2104
Time: 2105
Time: 2106
Time: 2107
Time: 2108
Time: 2109
Time: 2110
Time: 2111
Time: 2112
Time: 2113
Time: 2114
Time: 2115
Time: 2116
Time: 2117
Time: 2118
Time: 2119
Time: 2120
Time: 2121
Time: 2122
Time: 2123
Time: 2124
Time: 2125
Time: 2126
Time: 2127
Time: 2128
Time: 2129
Time: 2130
Time: 2131
Time: 2132
Time: 2133
Time: 2134
Time: 2135
Time: 2136
Time: 2137
Time: 2138
Time: 2139
Time: 2140
Time: 2141
Time: 2142
Time: 2143
Time: 2144
Time: 2145
Time: 2146
Time: 2147
Time: 2148
Time: 2149
Time: 2150
Time: 2151
Time: 2152
Time: 2153
Time: 2154
Time: 2155
Time: 2156
Time: 2157
Time: 2158
Time: 2159
Time: 2160
Time: 2161
Time: 2162
Time: 2163
Time: 2164
Time: 2165
Time: 2166
Time: 2167
Time: 2168
Time: 2169
Time: 2170
Time: 2171
Time: 2172
Time: 2173
Time: 2174
Time: 2175
Time: 2176
Time: 2177
Time: 2178
Time: 2179
Time: 2180
Time: 2181
Time: 2182
Time: 2183
Time: 2184
Time: 2185
Time: 2186
Time: 2187
Time: 2188
Time: 2189
Time: 2190
Time: 2191
Time: 2192
Time: 2193
Time: 2194
Time: 2195
Time: 2196
Time: 2197
Time: 2198
Time: 2199
Time: 2200
Time: 2201
Time: 2202
Time: 2203
Time: 2204
Time: 2205
Time: 2206
Time: 2207
Time: 2208
Time: 2209
Time: 2210
Time: 2211
Time: 2212
Time: 2213
Time: 2214
Time: 2215
Time: 2216
Time: 2217
Time: 2218
Time: 2219
Time: 2220
Time: 2221
Time: 2222
Time: 2223
Time: 2224
Time: 2225
Time: 2226
Time: 2227
Time: 2228
Time: 2229
Time: 2230
Time: 2231
Time: 2232
Time: 2233
Time: 2234
Time: 2235
Time: 2236
Time: 2237
Time: 2238
Time: 2239
Time: 2240
Time: 2241
Time: 2242
Time: 2243
Time: 2244
Time: 2245
Time: 2246
Time: 2247
Time: 2248
Time: 2249
Time: 2250
Time: 2251
Time: 2252
Time: 2253
Time: 2254
Time: 2255
Time: 2256
Time: 2257
Time: 2258
Time: 2259
Time: 2260
Time: 2261
Time: 2262
Time: 2263
Time: 2264
Time: 2265
Time: 2266
Time: 2267
Time: 2268
Time: 2269
Time: 2270
Time: 2271
Time: 2272
Time: 2273
Time: 2274
Time: 2275
Time: 2276
Time: 2277
Time: 2278
Time: 2279
Time: 2280
Time: 2281
Time: 2282
Time: 2283
Time: 2284
Time: 2285
Time: 2286
Time: 2287
Time: 2288
Time: 2289
Time: 2290
Time: 2291
Time: 2292
Time: 2293
Time: 2294
Time: 2295
Time: 2296
Time: 2297
Time: 2298
Time: 2299
Time: 2300
Time: 2301
Time: 2302
Time: 2303
Time: 2304
Time: 2305
Time: 2306
Time: 2307
Time: 2308
Time: 2309
Time: 2310
Time: 2311
Time: 2312
Time: 2313
Time: 2314
Time: 2315
Time: 2316
Time: 2317
Time: 2318
Time: 2319
Time: 2320
Time: 2321
Time: 2322
Time: 2323
Time: 2324
Time: 2325
Time: 2326
Time: 2327
Time: 2328
Time: 2329
Time: 2330
Time: 2331
Time: 2332
Time: 2333
Time: 2334
Time: 2335
Time: 2336
Time: 2337
Time: 2338
Time: 2339
Time: 2340
Time: 2341
Time: 2342
Time: 2343
Time: 2344
Time: 2345
Time: 2346
Time: 2347
Time: 2348
Time: 2349
Time: 2350
Time: 2351
Time: 2352
Time: 2353
Time: 2354
Time: 2355
Time: 2356
Time: 2357
Time: 2358
Time: 2359
Time: 2360
Time: 2361
Time: 2362
Time: 2363
Time: 2364
Time: 2365
Time: 2366
Time: 2367
Time: 2368
Time: 2369
Time: 2370
Time: 2371
Time: 2372
Time: 2373
Time: 2374
Time: 2375
Time: 2376
Time: 2377
Time: 2378
Time: 2379
Time: 2380
Time: 2381
Time: 2382
Time: 2383
Time: 2384
Time: 2385
Time: 2386
Time: 2387
Time: 2388
Time: 2389
Time: 2390
Time: 2391
Time: 2392
Time: 2393
Time: 2394
Time: 2395
Time: 2396
Time: 2397
Time: 2398
Time: 2399
Time: 2400
Time: 2401
Time: 2402
Time: 2403
Time: 2404
Time: 2405
Time: 2406
Time: 2407
Time: 2408
Time: 2409
Time: 2410
Time: 2411
Time: 2412
Time: 2413
Time: 2414
Time: 2415
Time: 2416
Time: 2417
Time: 2418
Time: 2419
Time: 2420
Time: 2421
Time: 2422
Time: 2423
Time: 2424
Time: 2425
Time: 2426
Time: 2427
Time: 2428
Time: 2429
Time: 2430
Time: 2431
Time: 2432
Time: 2433
Time: 2434
Time: 2435
Time: 2436
Time: 2437
Time: 2438
Time: 2439
Time: 2440
Time: 2441
Time: 2442
Time: 2443
Time: 2444
Time: 2445
Time: 2446
Time: 2447
Time: 2448
Time: 2449
Time: 2450
Time: 2451
Time: 2452
Time: 2453
Time: 2454
Time: 2455
Time: 2456
Time: 2457
Time: 2458
Time: 2459
Time: 2460
Time: 2461
Time: 2462
Time: 2463
Time: 2464
Time: 2465
Time: 2466
Time: 2467
Time: 2468
Time: 2469
Time: 2470
Time: 2471
Time: 2472
Time: 2473
Time: 2474
Time: 2475
Time: 2476
Time: 2477
Time: 2478
Time: 2479
Time: 2480
Time: 2481
Time: 2482
Time: 2483
Time: 2484
Time: 2485
Time: 2486
Time: 2487
Time: 2488
Time: 2489
Time: 2490
Time: 2491
Time: 2492
Time: 2493
Time: 2494
Time: 2495
Time: 2496
Time: 2497
Time: 2498
Time: 2499
Time: 2500
Time: 2501
Time: 2502
Time: 2503
Time: 2504
Time: 2505
Time: 2506
Time: 2507
Time: 2508
Time: 2509
Time: 2510
Time: 2511
Time: 2512
Time: 2513
Time: 2514
Time: 2515
Time: 2516
Time: 2517
Time: 2518
Time: 2519
Time: 2520
Time: 2521
Time: 2522
Time: 2523
Time: 2524
Time: 2525
Time: 2526
Time: 2527
Time: 2528
Time: 2529
Time: 2530
Time: 2531
Time: 2532
Time: 2533
Time: 2534
Time: 2535
Time: 2536
Time: 2537
Time: 2538
Time: 2539
Time: 2540
Time: 2541
Time: 2542
Time: 2543
Time: 2544
Time: 2545
Time: 2546
Time: 2547
Time: 2548
Time: 2549
Time: 2550
Time: 2551
Time: 2552
Time: 2553
Time: 2554
Time: 2555
Time: 2556
Time: 2557
Time: 2558
Time: 2559
Time: 2560
Time: 2561
Time: 2562
Time: 2563
Time: 2564
Time: 2565
Time: 2566
Time: 2567
Time: 2568
Time: 2569
Time: 2570
Time: 2571
Time: 2572
Time: 2573
Time: 2574
Time: 2575
Time: 2576
Time: 2577
Time: 2578
Time: 2579
Time: 2580
Time: 2581
Time: 2582
Time: 2583
Time: 2584
Time: 2585
Time: 2586
Time: 2587
Time: 2588
Time: 2589
Time: 2590
Time: 2591
Time: 2592
Time: 2593
Time: 2594
Time: 2595
Time: 2596
Time: 2597
Time: 2598
Time: 2599
Time: 2600
Time: 2601
Time: 2602
Time: 2603
Time: 2604
Time: 2605
Time: 2606
Time: 2607
Time: 2608
Time: 2609
Time: 2610
Time: 2611
Time: 2612
Time: 2613
Time: 2614
Time: 2615
Time: 2616
Time: 2617
Time: 2618
Time: 2619
Time: 2620
Time: 2621
Time: 2622
Time: 2623
Time: 2624
Time: 2625
Time: 2626
Time: 2627
Time: 2628
Time: 2629
Time: 2630
Time: 2631
Time: 2632
Time: 2633
Time: 2634
Time: 2635
Time: 2636
Time: 2637
Time: 2638
Time: 2639
Time: 2640
Time: 2641
Time: 2642
Time: 2643
Time: 2644
Time: 2645
Time: 2646
Time: 2647
Time: 2648
Time: 2649
Time: 2650
Time: 2651
Time: 2652
Time: 2653
Time: 2654
Time: 2655
Time: 2656
Time: 2657
Time: 2658
Time: 2659
Time: 2660
Time: 2661
Time: 2662
Time: 2663
Time: 2664
Time: 2665
Time: 2666
Time: 2667
Time: 2668
Time: 2669
Time: 2670
Time: 2671
Time: 2672
Time: 2673
Time: 2674
Time: 2675
Time: 2676
Time: 2677
Time: 2678
Time: 2679
Time: 2680
Time: 2681
Time: 2682
Time: 2683
Time: 2684
Time: 2685
Time: 2686
Time: 2687
Time: 2688
Time: 2689
Time: 2690
Time: 2691
Time: 2692
Time: 2693
Time: 2694
Time: 2695
Time: 2696
Time: 2697
Time: 2698
Time: 2699
Time: 2700
Time: 2701
Time: 2702
Time: 2703
Time: 2704
Time: 2705
Time: 2706
Time: 2707
Time: 2708
Time: 2709
Time: 2710
Time: 2711
Time: 2712
Time: 2713
Time: 2714
Time: 2715
Time: 2716
Time: 2717
Time: 2718
Time: 2719
Time: 2720
Time: 2721
Time: 2722
Time: 2723
Time: 2724
Time: 2725
Time: 2726
Time: 2727
Time: 2728
Time: 2729
Time: 2730
Time: 2731
Time: 2732
Time: 2733
Time: 2734
Time: 2735
Time: 2736
Time: 2737
Time: 2738
Time: 2739
Time: 2740
Time: 2741
Time: 2742
Time: 2743
Time: 2744
Time: 2745
Time: 2746
Time: 2747
Time: 2748
Time: 2749
Time: 2750
Time: 2751
Time: 2752
Time: 2753
Time: 2754
Time: 2755
Time: 2756
Time: 2757
Time: 2758
Time: 2759
Time: 2760
Time: 2761
Time: 2762
Time: 2763
Time: 2764
Time: 2765
Time: 2766
Time: 2767
Time: 2768
Time: 2769
Time: 2770
Time: 2771
Time: 2772
Time: 2773
Time: 2774
Time: 2775
Time: 2776
Time: 2777
Time: 2778
Time: 2779
Time: 2780
Time: 2781
Time: 2782
Time: 2783
Time: 2784
Time: 2785
Time: 2786
Time: 2787
Time: 2788
Time: 2789
Time: 2790
Time: 2791
Time: 2792
Time: 2793
Time: 2794
Time: 2795
Time: 2796
Time: 2797
Time: 2798
Time: 2799
Time: 2800
Time: 2801
Time: 2802
Time: 2803
Time: 2804
Time: 2805
Time: 2806
Time: 2807
Time: 2808
Time: 2809
Time: 2810
Time: 2811
Time: 2812
Time: 2813
Time: 2814
Time: 2815
Time: 2816
Time: 2817
Time: 2818
Time: 2819
Time: 2820
Time: 2821
Time: 2822
Time: 2823
Time: 2824
Time: 2825
Time: 2826
Time: 2827
Time: 2828
Time: 2829
Time: 2830
Time: 2831
Time: 2832
Time: 2833
Time: 2834
Time: 2835
Time: 2836
Time: 2837
Time: 2838
Time: 2839
Time: 2840
Time: 2841
Time: 2842
Time: 2843
Time: 2844
Time: 2845
Time: 2846
Time: 2847
Time: 2848
Time: 2849
Time: 2850
Time: 2851
Time: 2852
Time: 2853
Time: 2854
Time: 2855
Time: 2856
Time: 2857
Time: 2858
Time: 2859
Time: 2860
Time: 2861
Time: 2862
Time: 2863
Time: 2864
Time: 2865
Time: 2866
Time: 2867
Time: 2868
Time: 2869
Time: 2870
Time: 2871
Time: 2872
Time: 2873
Time: 2874
Time: 2875
Time: 2876
Time: 2877
Time: 2878
Time: 2879
Time: 2880
Time: 2881
Time: 2882
Time: 2883
Time: 2884
Time: 2885
Time: 2886
Time: 2887
Time: 2888
Time: 2889
Time: 2890
Time: 2891
Time: 2892
Time: 2893
Time: 2894
Time: 2895
Time: 2896
Time: 2897
Time: 2898
Time: 2899
Time: 2900
Time: 2901
Time: 2902
Time: 2903
Time: 2904
Time: 2905
Time: 2906
Time: 2907
Time: 2908
Time: 2909
Time: 2910
Time: 2911
Time: 2912
Time: 2913
Time: 2914
Time: 2915
Time: 2916
Time: 2917
Time: 2918
Time: 2919
Time: 2920
Time: 2921
Time: 2922
Time: 2923
Time: 2924
Time: 2925
Time: 2926
Time: 2927
Time: 2928
Time: 2929
Time: 2930
Time: 2931
Time: 2932
Time: 2933
Time: 2934
Time: 2935
Time: 2936
Time: 2937
Time: 2938
Time: 2939
Time: 2940
Time: 2941
Time: 2942
Time: 2943
Time: 2944
Time: 2945
Time: 2946
Time: 2947
Time: 2948
Time: 2949
Time: 2950
Time: 2951
Time: 2952
Time: 2953
Time: 2954
Time: 2955
Time: 2956
Time: 2957
Time: 2958
Time: 2959
Time: 2960
Time: 2961
Time: 2962
Time: 2963
Time: 2964
Time: 2965
Time: 2966
Time: 2967
Time: 2968
Time: 2969
Time: 2970
Time: 2971
Time: 2972
Time: 2973
Time: 2974
Time: 2975
Time: 2976
Time: 2977
Time: 2978
Time: 2979
Time: 2980
Time: 2981
Time: 2982
Time: 2983
Time: 2984
Time: 2985
Time: 2986
Time: 2987
Time: 2988
Time: 2989
Time: 2990
Time: 2991
Time: 2992
Time: 2993
Time: 2994
Time: 2995
Time: 2996
Time: 2997
Time: 2998
Time: 2999
Time: 3000
Time: 3001
Time: 3002
Time: 3003
Time: 3004
Time: 3005
Time: 3006
Time: 3007
Time: 3008
Time: 3009
Time: 3010
Time: 3011
Time: 3012
Time: 3013
Time: 3014
Time: 3015
Time: 3016
Time: 3017
Time: 3018
Time: 3019
Time: 3020
Time: 3021
Time: 3022
Time: 3023
Time: 3024
Time: 3025
Time: 3026
Time: 3027
Time: 3028
Time: 3029
Time: 3030
Time: 3031
Time: 3032
Time: 3033
Time: 3034
Time: 3035
Time: 3036
Time: 3037
Time: 3038
Time: 3039
Time: 3040
Time: 3041
Time: 3042
Time: 3043
Time: 3044
Time: 3045
Time: 3046
Time: 3047
Time: 3048
Time: 3049
Time: 3050
Time: 3051
Time: 3052
Time: 3053
Time: 3054
Time: 3055
Time: 3056
Time: 3057
Time: 3058
Time: 3059
Time: 3060
Time: 3061
Time: 3062
Time: 3063
Time: 3064
Time: 3065
Time: 3066
Time: 3067
Time: 3068
Time: 3069
Time: 3070
Time: 3071
Time: 3072
Time: 3073
Time: 3074
Time: 3075
Time: 3076
Time: 3077
Time: 3078
Time: 3079
Time: 3080
Time: 3081
Time: 3082
Time: 3083
Time: 3084
Time: 3085
Time: 3086
Time: 3087
Time: 3088
Time: 3089
Time: 3090
Time: 3091
Time: 3092
Time: 3093
Time: 3094
Time: 3095
Time: 3096
Time: 3097
Time: 3098
Time: 3099
Time: 3100
Time: 3101
Time: 3102
Time: 3103
Time: 3104
Time: 3105
Time: 3106
Time: 3107
Time: 3108
Time: 3109
Time: 3110
Time: 3111
Time: 3112
Time: 3113
Time: 3114
Time: 3115
Time: 3116
Time: 3117
Time: 3118
Time: 3119
Time: 3120
Time: 3121
Time: 3122
Time: 3123
Time: 3124
Time: 3125
Time: 3126
Time: 3127
Time: 3128
Time: 3129
Time: 3130
Time: 3131
Time: 3132
Time: 3133
Time: 3134
Time: 3135
Time: 3136
Time: 3137
Time: 3138
Time: 3139
Time: 3140
Time: 3141
Time: 3142
Time: 3143
Time: 3144
Time: 3145
Time: 3146
Time: 3147
Time: 3148
Time: 3149
Time: 3150
[...]
Time: 28406
Time: 28407
Time: 28408
Time: 28409
Time: 28410
Time: 28411
Time: 28412
Time: 28413
Time: 28414
Time: 28415
Time: 28416
Time: 28417
Time: 28418
Time: 28419
Time: 28420
Time: 28421
Time: 28422
Time: 28423
Time: 28424
Time: 28425
Time: 28426
Time: 28427
Time: 28428
Time: 28429
Time: 28430
Time: 28431
Time: 28432
Time: 28433
Time: 28434
Time: 28435
Time: 28436
Time: 28437
Time: 28438
Time: 28439
Time: 28440
Time: 28441
Time: 28442
Time: 28443
Time: 28444
Time: 28445
Time: 28446
Time: 28447
Time: 28448
Time: 28449
Time: 28450
Time: 28451
Time: 28452
Time: 28453
Time: 28454
Time: 28455
Time: 28456
Time: 28457
Time: 28458
Time: 28459
Time: 28460
Time: 28461
Time: 28462
Time: 28463
Time: 28464
Time: 28465
Time: 28466
Time: 28467
Time: 28468
Time: 28469
Time: 28470
Time: 28471
Time: 28472
Time: 28473
Time: 28474
Time: 28475
Time: 28476
Time: 28477
Time: 28478
Time: 28479
Time: 28480
Time: 28481
Time: 28482
Time: 28483
Time: 28484
Time: 28485
Time: 28486
Time: 28487
Time: 28488
Time: 28489
Time: 28490
Time: 28491
Time: 28492
Time: 28493
Time: 28494
Time: 28495
Time: 28496
Time: 28497
Time: 28498
Time: 28499
Time: 28500
Time: 28501
Time: 28502
Time: 28503
Time: 28504
Time: 28505
Time: 28506
Time: 28507
Time: 28508
Time: 28509
Time: 28510
Time: 28511
Time: 28512
Time: 28513
Time: 28514
Time: 28515
Time: 28516
Time: 28517
Time: 28518
Time: 28519
Time: 28520
Time: 28521
Time: 28522
Time: 28523
Time: 28524
Time: 28525
Time: 28526
Time: 28527
Time: 28528
Time: 28529
Time: 28530
Time: 28531
Time: 28532
Time: 28533
Time: 28534
Time: 28535
Time: 28536
Time: 28537
Time: 28538
Time: 28539
Time: 28540
Time: 28541
Time: 28542
Time: 28543
Time: 28544
Time: 28545
Time: 28546
Time: 28547
Time: 28548
Time: 28549
Time: 28550
Time: 28551
Time: 28552
Time: 28553
Time: 28554
Time: 28555
Time: 28556
Time: 28557
Time: 28558
Time: 28559
Time: 28560
Time: 28561
Time: 28562
Time: 28563
Time: 28564
Time: 28565
Time: 28566
Time: 28567
Time: 28568
Time: 28569
Time: 28570
Time: 28571
Time: 28572
Time: 28573
Time: 28574
Time: 28575
Time: 28576
Time: 28577
Time: 28578
Time: 28579
Time: 28580
Time: 28581
Time: 28582
Time: 28583
Time: 28584
Time: 28585
Time: 28586
Time: 28587
Time: 28588
Time: 28589
Time: 28590
Time: 28591
Time: 28592
Time: 28593
Time: 28594
Time: 28595
Time: 28596
Time: 28597
Time: 28598
Time: 28599
Time: 28600
Time: 28601
Time: 28602
Time: 28603
Time: 28604
Time: 28605
Time: 28606
Time: 28607
Time: 28608
Time: 28609
Time: 28610
Time: 28611
Time: 28612
Time: 28613
Time: 28614
Time: 28615
Time: 28616
Time: 28617
Time: 28618
Time: 28619
Time: 28620
Time: 28621
Time: 28622
Time: 28623
Time: 28624
Time: 28625
Time: 28626
Time: 28627
Time: 28628
Time: 28629
Time: 28630
Time: 28631
Time: 28632
Time: 28633
Time: 28634
Time: 28635
Time: 28636
Time: 28637
Time: 28638
Time: 28639
Time: 28640
Time: 28641
Time: 28642
Time: 28643
Time: 28644
Time: 28645
Time: 28646
Time: 28647
Time: 28648
Time: 28649
Time: 28650
Time: 28651
Time: 28652
Time: 28653
Time: 28654
Time: 28655
Time: 28656
Time: 28657
Time: 28658
Time: 28659
Time: 28660
Time: 28661
Time: 28662
Time: 28663
Time: 28664
Time: 28665
Time: 28666
Time: 28667
Time: 28668
Time: 28669
Time: 28670
Time: 28671
Time: 28672
Time: 28673
Time: 28674
Time: 28675
Time: 28676
Time: 28677
Time: 28678
Time: 28679
Time: 28680
Time: 28681
Time: 28682
Time: 28683
Time: 28684
Time: 28685
Time: 28686
Time: 28687
Time: 28688
Time: 28689
Time: 28690
Time: 28691
Time: 28692
Time: 28693
Time: 28694
Time: 28695
Time: 28696
Time: 28697
Time: 28698
Time: 28699
Time: 28700
Time: 28701
Time: 28702
Time: 28703
Time: 28704
Time: 28705
Time: 28706
Time: 28707
Time: 28708
Time: 28709
Time: 28710
Time: 28711
Time: 28712
Time: 28713
Time: 28714
Time: 28715
Time: 28716
Time: 28717
Time: 28718
Time: 28719
Time: 28720
Time: 28721
Time: 28722
Time: 28723
Time: 28724
Time: 28725
Time: 28726
Time: 28727
Time: 28728
Time: 28729
Time: 28730
Time: 28731
Time: 28732
Time: 28733
Time: 28734
Time: 28735
Time: 28736
Time: 28737
Time: 28738
Time: 28739
Time: 28740
Time: 28741
Time: 28742
Time: 28743
Time: 28744
Time: 28745
Time: 28746
Time: 28747
Time: 28748
Time: 28749
Time: 28750
Time: 28751
Time: 28752
Time: 28753
Time: 28754
Time: 28755
Time: 28756
Time: 28757
Time: 28758
Time: 28759
Time: 28760
Time: 28761
Time: 28762
Time: 28763
Time: 28764
Time: 28765
Time: 28766
Time: 28767
Time: 28768
Time: 28769
Time: 28770
Time: 28771
Time: 28772
Time: 28773
Time: 28774
Time: 28775
Time: 28776
Time: 28777
Time: 28778
Time: 28779
Time: 28780
Time: 28781
Time: 28782
Time: 28783
Time: 28784
Time: 28785
Time: 28786
Time: 28787
Time: 28788
Time: 28789
Time: 28790
Time: 28791
Time: 28792
Time: 28793
Time: 28794
Time: 28795
Time: 28796
Time: 28797
Time: 28798
Time: 28799
Time: 28800
Time: 28801
Time: 28802
Time: 28803
Time: 28804
Time: 28805
Time: 28806
Time: 28807
Time: 28808
Time: 28809
Time: 28810
Time: 28811
Time: 28812
Time: 28813
Time: 28814
Time: 28815
Time: 28816
Time: 28817
Time: 28818
Time: 28819
Time: 28820
Time: 28821
Time: 28822
Time: 28823
Time: 28824
Time: 28825
Time: 28826
Time: 28827
Time: 28828
Time: 28829
Time: 28830
Time: 28831
Time: 28832
Time: 28833
Time: 28834
Time: 28835
Time: 28836
Time: 28837
Time: 28838
Time: 28839
Time: 28840
Time: 28841
Time: 28842
Time: 28843
Time: 28844
Time: 28845
Time: 28846
Time: 28847
Time: 28848
Time: 28849
Time: 28850
Time: 28851
Time: 28852
Time: 28853
Time: 28854
Time: 28855
Time: 28856
Time: 28857
Time: 28858
Time: 28859
Time: 28860
Time: 28861
Time: 28862
Time: 28863
Time: 28864
Time: 28865
Time: 28866
Time: 28867
Time: 28868
Time: 28869
Time: 28870
Time: 28871
Time: 28872
Time: 28873
Time: 28874
Time: 28875
Time: 28876
Time: 28877
Time: 28878
Time: 28879
Time: 28880
Time: 28881
Time: 28882
Time: 28883
Time: 28884
Time: 28885
Time: 28886
Time: 28887
Time: 28888
Time: 28889
Time: 28890
Time: 28891
Time: 28892
Time: 28893
Time: 28894
Time: 28895
Time: 28896
Time: 28897
Time: 28898
Time: 28899
Time: 28900
Time: 28901
Time: 28902
Time: 28903
Time: 28904
Time: 28905
Time: 28906
Time: 28907
Time: 28908
Time: 28909
Time: 28910
Time: 28911
Time: 28912
Time: 28913
Time: 28914
Time: 28915
Time: 28916
Time: 28917
Time: 28918
Time: 28919
Time: 28920
Time: 28921
Time: 28922
Time: 28923
Time: 28924
Time: 28925
Time: 28926
Time: 28927
Time: 28928
Time: 28929
Time: 28930
Time: 28931
Time: 28932
Time: 28933
Time: 28934
Time: 28935
Time: 28936
Time: 28937
Time: 28938
Time: 28939
Time: 28940
Time: 28941
Time: 28942
Time: 28943
Time: 28944
Time: 28945
Time: 28946
Time: 28947
Time: 28948
Time: 28949
Time: 28950
Time: 28951
Time: 28952
Time: 28953
Time: 28954
Time: 28955
Time: 28956
Time: 28957
Time: 28958
Time: 28959
Time: 28960
Time: 28961
Time: 28962
Time: 28963
Time: 28964
Time: 28965
Time: 28966
Time: 28967
Time: 28968
Time: 28969
Time: 28970
Time: 28971
Time: 28972
Time: 28973
Time: 28974
Time: 28975
Time: 28976
Time: 28977
Time: 28978
Time: 28979
Time: 28980
Time: 28981
Time: 28982
Time: 28983
Time: 28984
Time: 28985
Time: 28986
Time: 28987
Time: 28988
Time: 28989
Time: 28990
Time: 28991
Time: 28992
Time: 28993
Time: 28994
Time: 28995
Time: 28996
Time: 28997
Time: 28998
Time: 28999
Time: 29000
Time: 29001
Time: 29002
Time: 29003
Time: 29004
Time: 29005
Time: 29006
Time: 29007
Time: 29008
Time: 29009
Time: 29010
Time: 29011
Time: 29012
Time: 29013
Time: 29014
Time: 29015
Time: 29016
Time: 29017
Time: 29018
Time: 29019
Time: 29020
Time: 29021
Time: 29022
Time: 29023
Time: 29024
Time: 29025
Time: 29026
Time: 29027
Time: 29028
Time: 29029
Time: 29030
Time: 29031
Time: 29032
Time: 29033
Time: 29034
Time: 29035
Time: 29036
Time: 29037
Time: 29038
Time: 29039
Time: 29040
Time: 29041
Time: 29042
Time: 29043
Time: 29044
Time: 29045
Time: 29046
Time: 29047
Time: 29048
Time: 29049
Time: 29050
Time: 29051
Time: 29052
Time: 29053
Time: 29054
Time: 29055
Time: 29056
Time: 29057
Time: 29058
Time: 29059
Time: 29060
Time: 29061
Time: 29062
Time: 29063
Time: 29064
Time: 29065
Time: 29066
Time: 29067
Time: 29068
Time: 29069
Time: 29070
Time: 29071
Time: 29072
Time: 29073
Time: 29074
Time: 29075
Time: 29076
Time: 29077
Time: 29078
Time: 29079
Time: 29080
Time: 29081
Time: 29082
Time: 29083
Time: 29084
Time: 29085
Time: 29086
Time: 29087
Time: 29088
Time: 29089
Time: 29090
Time: 29091
Time: 29092
Time: 29093
Time: 29094
Time: 29095
Time: 29096
Time: 29097
Time: 29098
Time: 29099
Time: 29100
Time: 29101
Time: 29102
Time: 29103
Time: 29104
Time: 29105
Time: 29106
Time: 29107
Time: 29108
Time: 29109
Time: 29110
Time: 29111
Time: 29112
Time: 29113
Time: 29114
Time: 29115
Time: 29116
Time: 29117
Time: 29118
Time: 29119
Time: 29120
Time: 29121
Time: 29122
Time: 29123
Time: 29124
Time: 29125
Time: 29126
Time: 29127
Time: 29128
Time: 29129
Time: 29130
Time: 29131
Time: 29132
Time: 29133
Time: 29134
Time: 29135
Time: 29136
Time: 29137
Time: 29138
Time: 29139
Time: 29140
Time: 29141
Time: 29142
Time: 29143
Time: 29144
Time: 29145
Time: 29146
Time: 29147
Time: 29148
Time: 29149
Time: 29150
Time: 29151
Time: 29152
Time: 29153
Time: 29154
Time: 29155
Time: 29156
Time: 29157
Time: 29158
Time: 29159
Time: 29160
Time: 29161
Time: 29162
Time: 29163
Time: 29164
Time: 29165
Time: 29166
Time: 29167
Time: 29168
Time: 29169
Time: 29170
Time: 29171
Time: 29172
Time: 29173
Time: 29174
Time: 29175
Time: 29176
Time: 29177
Time: 29178
Time: 29179
Time: 29180
Time: 29181
Time: 29182
Time: 29183
Time: 29184
Time: 29185
Time: 29186
Time: 29187
Time: 29188
Time: 29189
Time: 29190
Time: 29191
Time: 29192
Time: 29193
Time: 29194
Time: 29195
Time: 29196
Time: 29197
Time: 29198
Time: 29199
Time: 29200
Time: 29201
Time: 29202
Time: 29203
Time: 29204
Time: 29205
Time: 29206
Time: 29207
Time: 29208
Time: 29209
Time: 29210
Time: 29211
Time: 29212
Time: 29213
Time: 29214
Time: 29215
Time: 29216
Time: 29217
Time: 29218
Time: 29219
Time: 29220
Time: 29221
Time: 29222
Time: 29223
Time: 29224
Time: 29225
Time: 29226
Time: 29227
Time: 29228
Time: 29229
Time: 29230
Time: 29231
Time: 29232
Time: 29233
Time: 29234
Time: 29235
Time: 29236
Time: 29237
Time: 29238
Time: 29239
Time: 29240
Time: 29241
Time: 29242
Time: 29243
Time: 29244
Time: 29245
Time: 29246
Time: 29247
Time: 29248
Time: 29249
Time: 29250
Time: 29251
Time: 29252
Time: 29253
Time: 29254
Time: 29255
Time: 29256
Time: 29257
Time: 29258
Time: 29259
Time: 29260
Time: 29261
Time: 29262
Time: 29263
Time: 29264
Time: 29265
Time: 29266
Time: 29267
Time: 29268
Time: 29269
Time: 29270
Time: 29271
Time: 29272
Time: 29273
Time: 29274
Time: 29275
Time: 29276
Time: 29277
Time: 29278
Time: 29279
Time: 29280
Time: 29281
Time: 29282
Time: 29283
Time: 29284
Time: 29285
Time: 29286
Time: 29287
Time: 29288
Time: 29289
Time: 29290
Time: 29291
Time: 29292
Time: 29293
Time: 29294
Time: 29295
Time: 29296
Time: 29297
Time: 29298
Time: 29299
Time: 29300
Time: 29301
Time: 29302
Time: 29303
Time: 29304
Time: 29305
Time: 29306
Time: 29307
Time: 29308
Time: 29309
Time: 29310
Time: 29311
Time: 29312
Time: 29313
Time: 29314
Time: 29315
Time: 29316
Time: 29317
Time: 29318
Time: 29319
Time: 29320
Time: 29321
Time: 29322
Time: 29323
Time: 29324
Time: 29325
Time: 29326
Time: 29327
Time: 29328
Time: 29329
Time: 29330
Time: 29331
Time: 29332
Time: 29333
Time: 29334
Time: 29335
Time: 29336
Time: 29337
Time: 29338
Time: 29339
Time: 29340
Time: 29341
Time: 29342
Time: 29343
Time: 29344
Time: 29345
Time: 29346
Time: 29347
Time: 29348
Time: 29349
Time: 29350
Time: 29351
Time: 29352
Time: 29353
Time: 29354
Time: 29355
Time: 29356
Time: 29357
Time: 29358
Time: 29359
Time: 29360
Time: 29361
Time: 29362
Time: 29363
Time: 29364
Time: 29365
Time: 29366
Time: 29367
Time: 29368
Time: 29369
Time: 29370
Time: 29371
Time: 29372
Time: 29373
Time: 29374
Time: 29375
Time: 29376
Time: 29377
Time: 29378
Time: 29379
Time: 29380
Time: 29381
Time: 29382
Time: 29383
Time: 29384
Time: 29385
Time: 29386
Time: 29387
Time: 29388
Time: 29389
Time: 29390
Time: 29391
Time: 29392
Time: 29393
Time: 29394
Time: 29395
Time: 29396
Time: 29397
Time: 29398
Time: 29399
Time: 29400
Time: 29401
Time: 29402
Time: 29403
Time: 29404
Time: 29405
Time: 29406
Time: 29407
Time: 29408
Time: 29409
Time: 29410
Time: 29411
Time: 29412
Time: 29413
Time: 29414
Time: 29415
Time: 29416
Time: 29417
Time: 29418
Time: 29419
Time: 29420
Time: 29421
Time: 29422
Time: 29423
Time: 29424
Time: 29425
Time: 29426
Time: 29427
Time: 29428
Time: 29429
Time: 29430
Time: 29431
Time: 29432
Time: 29433
Time: 29434
Time: 29435
Time: 29436
Time: 29437
Time: 29438
Time: 29439
Time: 29440
Time: 29441
Time: 29442
Time: 29443
Time: 29444
Time: 29445
Time: 29446
Time: 29447
Time: 29448
Time: 29449
Time: 29450
Time: 29451
Time: 29452
Time: 29453
Time: 29454
Time: 29455
Time: 29456
Time: 29457
Time: 29458
Time: 29459
Time: 29460
Time: 29461
Time: 29462
Time: 29463
Time: 29464
Time: 29465
Time: 29466
Time: 29467
Time: 29468
Time: 29469
Time: 29470
Time: 29471
Time: 29472
Time: 29473
Time: 29474
Time: 29475
Time: 29476
Time: 29477
Time: 29478
Time: 29479
Time: 29480
Time: 29481
Time: 29482
Time: 29483
Time: 29484
Time: 29485
Time: 29486
Time: 29487
Time: 29488
Time: 29489
Time: 29490
Time: 29491
Time: 29492
Time: 29493
Time: 29494
Time: 29495
Time: 29496
Time: 29497
Time: 29498
Time: 29499
Time: 29500
Time: 29501
Time: 29502
Time: 29503
Time: 29504
Time: 29505
Time: 29506
Time: 29507
Time: 29508
Time: 29509
Time: 29510
Time: 29511
Time: 29512
Time: 29513
Time: 29514
Time: 29515
Time: 29516
Time: 29517
Time: 29518
Time: 29519
Time: 29520
Time: 29521
Time: 29522
Time: 29523
Time: 29524
Time: 29525
Time: 29526
Time: 29527
Time: 29528
Time: 29529
Time: 29530
Time: 29531
Time: 29532
Time: 29533
Time: 29534
Time: 29535
Time: 29536
Time: 29537
Time: 29538
Time: 29539
Time: 29540
Time: 29541
Time: 29542
Time: 29543
Time: 29544
Time: 29545
Time: 29546
Time: 29547
Time: 29548
Time: 29549
Time: 29550
Time: 29551
Time: 29552
Time: 29553
Time: 29554
Time: 29555
Time: 29556
Time: 29557
Time: 29558
Time: 29559
Time: 29560
Time: 29561
Time: 29562
Time: 29563
Time: 29564
Time: 29565
Time: 29566
Time: 29567
Time: 29568
Time: 29569
Time: 29570
Time: 29571
Time: 29572
Time: 29573
Time: 29574
Time: 29575
Time: 29576
Time: 29577
Time: 29578
Time: 29579
Time: 29580
Time: 29581
Time: 29582
Time: 29583
Time: 29584
Time: 29585
Time: 29586
Time: 29587
Time: 29588
Time: 29589
Time: 29590
Time: 29591
Time: 29592
Time: 29593
Time: 29594
Time: 29595
Time: 29596
Time: 29597
Time: 29598
Time: 29599
Time: 29600
Time: 29601
Time: 29602
Time: 29603
Time: 29604
Time: 29605
Time: 29606
Time: 29607
Time: 29608
Time: 29609
Time: 29610
Time: 29611
Time: 29612
Time: 29613
Time: 29614
Time: 29615
Time: 29616
Time: 29617
Time: 29618
Time: 29619
Time: 29620
Time: 29621
Time: 29622
Time: 29623
Time: 29624
Time: 29625
Time: 29626
Time: 29627
Time: 29628
Time: 29629
Time: 29630
Time: 29631
Time: 29632
Time: 29633
Time: 29634
Time: 29635
Time: 29636
Time: 29637
Time: 29638
Time: 29639
Time: 29640
Time: 29641
Time: 29642
Time: 29643
Time: 29644
Time: 29645
Time: 29646
Time: 29647
Time: 29648
Time: 29649
Time: 29650
Time: 29651
Time: 29652
Time: 29653
Time: 29654
Time: 29655
Time: 29656
Time: 29657
Time: 29658
Time: 29659
Time: 29660
Time: 29661
Time: 29662
Time: 29663
Time: 29664
Time: 29665
Time: 29666
Time: 29667
Time: 29668
Time: 29669
Time: 29670
Time: 29671
Time: 29672
Time: 29673
Time: 29674
Time: 29675
Time: 29676
Time: 29677
Time: 29678
Time: 29679
Time: 29680
Time: 29681
Time: 29682
Time: 29683
Time: 29684
Time: 29685
Time: 29686
Time: 29687
Time: 29688
Time: 29689
Time: 29690
Time: 29691
Time: 29692
Time: 29693
Time: 29694
Time: 29695
Time: 29696
Time: 29697
Time: 29698
Time: 29699
Time: 29700
Time: 29701
Time: 29702
Time: 29703
Time: 29704
Time: 29705
Time: 29706
Time: 29707
Time: 29708
Time: 29709
Time: 29710
Time: 29711
Time: 29712
Time: 29713
Time: 29714
Time: 29715
Time: 29716
Time: 29717
Time: 29718
Time: 29719
Time: 29720
Time: 29721
Time: 29722
Time: 29723
Time: 29724
Time: 29725
Time: 29726
Time: 29727
Time: 29728
Time: 29729
Time: 29730
Time: 29731
Time: 29732
Time: 29733
Time: 29734
Time: 29735
Time: 29736
Time: 29737
Time: 29738
Time: 29739
Time: 29740
Time: 29741
Time: 29742
Time: 29743
Time: 29744
Time: 29745
Time: 29746
Time: 29747
Time: 29748
Time: 29749
Time: 29750
Time: 29751
Time: 29752
Time: 29753
Time: 29754
Time: 29755
Time: 29756
Time: 29757
Time: 29758
Time: 29759
Time: 29760
Time: 29761
Time: 29762
Time: 29763
Time: 29764
Time: 29765
Time: 29766
Time: 29767
Time: 29768
Time: 29769
Time: 29770
Time: 29771
Time: 29772
Time: 29773
Time: 29774
Time: 29775
Time: 29776
Time: 29777
Time: 29778
Time: 29779
Time: 29780
Time: 29781
Time: 29782
Time: 29783
Time: 29784
Time: 29785
Time: 29786
Time: 29787
Time: 29788
Time: 29789
Time: 29790
Time: 29791
Time: 29792
Time: 29793
Time: 29794
Time: 29795
Time: 29796
Time: 29797
Time: 29798
Time: 29799
Time: 29800
Time: 29801
Time: 29802
Time: 29803
Time: 29804
Time: 29805
Time: 29806
Time: 29807
Time: 29808
Time: 29809
Time: 29810
Time: 29811
Time: 29812
Time: 29813
Time: 29814
Time: 29815
Time: 29816
Time: 29817
Time: 29818
Time: 29819
Time: 29820
Time: 29821
Time: 29822
Time: 29823
Time: 29824
Time: 29825
Time: 29826
Time: 29827
Time: 29828
Time: 29829
Time: 29830
Time: 29831
Time: 29832
Time: 29833
Time: 29834
Time: 29835
Time: 29836
Time: 29837
Time: 29838
Time: 29839
Time: 29840
Time: 29841
Time: 29842
Time: 29843
Time: 29844
Time: 29845
Time: 29846
Time: 29847
Time: 29848
Time: 29849
Time: 29850
Time: 29851
Time: 29852
Time: 29853
Time: 29854
Time: 29855
Time: 29856
Time: 29857
Time: 29858
Time: 29859
Time: 29860
Time: 29861
Time: 29862
Time: 29863
Time: 29864
Time: 29865
Time: 29866
Time: 29867
Time: 29868
Time: 29869
Time: 29870
Time: 29871
Time: 29872
Time: 29873
Time: 29874
Time: 29875
Time: 29876
Time: 29877
Time: 29878
Time: 29879
Time: 29880
Time: 29881
Time: 29882
Time: 29883
Time: 29884
Time: 29885
Time: 29886
Time: 29887
Time: 29888
Time: 29889
Time: 29890
Time: 29891
Time: 29892
Time: 29893
Time: 29894
Time: 29895
Time: 29896
Time: 29897
Time: 29898
Time: 29899
Time: 29900
Time: 29901
Time: 29902
Time: 29903
Time: 29904
Time: 29905
Time: 29906
Time: 29907
Time: 29908
Time: 29909
Time: 29910
Time: 29911
Time: 29912
Time: 29913
Time: 29914
Time: 29915
Time: 29916
Time: 29917
Time: 29918
Time: 29919
Time: 29920
Time: 29921
Time: 29922
Time: 29923
Time: 29924
Time: 29925
Time: 29926
Time: 29927
Time: 29928
Time: 29929
Time: 29930
Time: 29931
Time: 29932
Time: 29933
Time: 29934
Time: 29935
Time: 29936
Time: 29937
Time: 29938
Time: 29939
Time: 29940
Time: 29941
Time: 29942
Time: 29943
Time: 29944
Time: 29945
Time: 29946
Time: 29947
Time: 29948
Time: 29949
Time: 29950
Time: 29951
Time: 29952
Time: 29953
Time: 29954
Time: 29955
Time: 29956
Time: 29957
Time: 29958
Time: 29959
Time: 29960
Time: 29961
Time: 29962
Time: 29963
Time: 29964
Time: 29965
Time: 29966
Time: 29967
Time: 29968
Time: 29969
Time: 29970
Time: 29971
Time: 29972
Time: 29973
Time: 29974
Time: 29975
Time: 29976
Time: 29977
Time: 29978
Time: 29979
Time: 29980
Time: 29981
Time: 29982
Time: 29983
Time: 29984
Time: 29985
Time: 29986
Time: 29987
Time: 29988
Time: 29989
Time: 29990
Time: 29991
Time: 29992
Time: 29993
Time: 29994
Time: 29995
Time: 29996
Time: 29997
Time: 29998
Time: 29999
Time: 30000
# Showing cells 0-10 until 30000 min
Species,Minimum Concentration,Mean Concentration,Maximum Concentration
FE2,0,3.04437,9.47199
FE3,-0.519136,0.999485,4.18096
BR,-0.221131,-0.0883455,0.903748
CMake Warning (dev) in /home/mcclelnr/DENSE/test/time_test/run_test.cmake:
  A logical block opening on the line

    /home/mcclelnr/DENSE/test/time_test/run_test.cmake:8 (if)

  closes on the line

    /home/mcclelnr/DENSE/test/time_test/run_test.cmake:10 (endif)

  with mis-matching arguments.
This warning is for project developers.  Use -Wno-dev to suppress it.

<end of output>
Test time =   5.50 sec
----------------------------------------------------------
Test Passed.
"previous_build_time" end time: Jun 05 11:02 PDT
"previous_build_time" time elapsed: 00:00:05
----------------------------------------------------------

End testing: Jun 05 11:02 PDT
